Log file open, 04/25/20 13:56:24
LogWindows: Failed to load 'aqProf.dll' (GetLastError=126)
LogWindows: File 'aqProf.dll' does not exist
LogWindows: Failed to load 'VtuneApi.dll' (GetLastError=126)
LogWindows: File 'VtuneApi.dll' does not exist
LogWindows: Failed to load 'VtuneApi32e.dll' (GetLastError=126)
LogWindows: File 'VtuneApi32e.dll' does not exist
LogConsoleResponse: Display: Failed to find resolution value strings in scalability ini. Falling back to default.
LogInit: Display: Running engine for game: FirstHourProject
LogPlatformFile: Not using cached read wrapper
LogTaskGraph: Started task graph with 5 named threads and 35 total threads with 3 sets of task threads.
LogStats: Stats thread started at 0.174500
LogD3D11RHI: Loaded GFSDK_Aftermath_Lib.x64.dll
LogICUInternationalization: ICU TimeZone Detection - Raw Offset: -8:00, Platform Override: ''
LogPluginManager: Mounting plugin Paper2D
LogPluginManager: Mounting plugin AISupport
LogPluginManager: Mounting plugin LightPropagationVolume
LogPluginManager: Mounting plugin ActorLayerUtilities
LogPluginManager: Mounting plugin AnimationSharing
LogPluginManager: Mounting plugin CLionSourceCodeAccess
LogPluginManager: Mounting plugin CodeLiteSourceCodeAccess
LogPluginManager: Mounting plugin GitSourceControl
LogPluginManager: Mounting plugin KDevelopSourceCodeAccess
LogPluginManager: Mounting plugin NullSourceCodeAccess
LogPluginManager: Mounting plugin PerforceSourceControl
LogPluginManager: Mounting plugin PlasticSourceControl
LogPluginManager: Mounting plugin SubversionSourceControl
LogPluginManager: Mounting plugin UObjectPlugin
LogPluginManager: Mounting plugin VisualStudioCodeSourceCodeAccess
LogPluginManager: Mounting plugin VisualStudioSourceCodeAccess
LogPluginManager: Mounting plugin XCodeSourceCodeAccess
LogPluginManager: Mounting plugin AssetManagerEditor
LogPluginManager: Mounting plugin CryptoKeys
LogPluginManager: Mounting plugin CurveEditorTools
LogPluginManager: Mounting plugin DataValidation
LogPluginManager: Mounting plugin FacialAnimation
LogPluginManager: Mounting plugin GameplayTagsEditor
LogPluginManager: Mounting plugin MacGraphicsSwitching
LogPluginManager: Mounting plugin MaterialAnalyzer
LogPluginManager: Mounting plugin MobileLauncherProfileWizard
LogPluginManager: Mounting plugin PluginBrowser
LogPluginManager: Mounting plugin SpeedTreeImporter
LogPluginManager: Mounting plugin DatasmithContent
LogPluginManager: Mounting plugin VariantManagerContent
LogPluginManager: Mounting plugin AlembicImporter
LogPluginManager: Mounting plugin AutomationUtils
LogPluginManager: Mounting plugin BackChannel
LogPluginManager: Mounting plugin CharacterAI
LogPluginManager: Mounting plugin GeometryCache
LogPluginManager: Mounting plugin PlatformCrypto
LogPluginManager: Mounting plugin ProxyLODPlugin
LogPluginManager: Mounting plugin SkeletalReduction
LogPluginManager: Mounting plugin MagicLeap
LogPluginManager: Mounting plugin MagicLeapMedia
LogPluginManager: Mounting plugin MLSDK
LogPluginManager: Mounting plugin AndroidMedia
LogPluginManager: Mounting plugin AvfMedia
LogPluginManager: Mounting plugin ImgMedia
LogPluginManager: Mounting plugin MediaCompositing
LogPluginManager: Mounting plugin MediaPlayerEditor
LogPluginManager: Mounting plugin WebMMedia
LogPluginManager: Mounting plugin WmfMedia
LogPluginManager: Mounting plugin TcpMessaging
LogPluginManager: Mounting plugin UdpMessaging
LogPluginManager: Mounting plugin ActorSequence
LogPluginManager: Mounting plugin LevelSequenceEditor
LogPluginManager: Mounting plugin MatineeToLevelSequence
LogPluginManager: Mounting plugin NetcodeUnitTest
LogPluginManager: Mounting plugin NUTUnrealEngine4
LogPluginManager: Mounting plugin OnlineSubsystemGooglePlay
LogPluginManager: Mounting plugin OnlineSubsystemIOS
LogPluginManager: Mounting plugin OnlineSubsystem
LogPluginManager: Mounting plugin OnlineSubsystemNull
LogPluginManager: Mounting plugin OnlineSubsystemUtils
LogPluginManager: Mounting plugin LauncherChunkInstaller
LogPluginManager: Mounting plugin AndroidDeviceProfileSelector
LogPluginManager: Mounting plugin AndroidMoviePlayer
LogPluginManager: Mounting plugin AndroidPermission
LogPluginManager: Mounting plugin AppleImageUtils
LogPluginManager: Mounting plugin AppleMoviePlayer
LogPluginManager: Mounting plugin ArchVisCharacter
LogPluginManager: Mounting plugin AssetTags
LogPluginManager: Mounting plugin AudioCapture
LogPluginManager: Mounting plugin CableComponent
LogPluginManager: Mounting plugin CustomMeshComponent
LogPluginManager: Mounting plugin EditableMesh
LogPluginManager: Mounting plugin ExampleDeviceProfileSelector
LogPluginManager: Mounting plugin GoogleCloudMessaging
LogPluginManager: Mounting plugin IOSDeviceProfileSelector
LogPluginManager: Mounting plugin LinuxDeviceProfileSelector
LogPluginManager: Mounting plugin LocationServicesBPLibrary
LogPluginManager: Mounting plugin MobilePatchingUtils
LogPluginManager: Mounting plugin OculusVR
LogPluginManager: Mounting plugin PhysXVehicles
LogPluginManager: Mounting plugin PostSplashScreen
LogPluginManager: Mounting plugin ProceduralMeshComponent
LogPluginManager: Mounting plugin RuntimePhysXCooking
LogPluginManager: Mounting plugin SignificanceManager
LogPluginManager: Mounting plugin SteamVR
LogPluginManager: Mounting plugin WebMMoviePlayer
LogPluginManager: Mounting plugin WindowsMoviePlayer
LogPluginManager: Mounting plugin ScreenshotTools
LogInit: Using libcurl 7.55.1-DEV
LogInit:  - built for x86_64-pc-win32
LogInit:  - supports SSL with OpenSSL/1.1.1
LogInit:  - supports HTTP deflate (compression) using libz 1.2.8
LogInit:  - other features:
LogInit:      CURL_VERSION_SSL
LogInit:      CURL_VERSION_LIBZ
LogInit:      CURL_VERSION_IPV6
LogInit:      CURL_VERSION_ASYNCHDNS
LogInit:      CURL_VERSION_LARGEFILE
LogInit:      CURL_VERSION_IDN
LogInit:  CurlRequestOptions (configurable via config and command line):
LogInit:  - bVerifyPeer = true  - Libcurl will verify peer certificate
LogInit:  - bUseHttpProxy = false  - Libcurl will NOT use HTTP proxy
LogInit:  - bDontReuseConnections = false  - Libcurl will reuse connections
LogInit:  - MaxHostConnections = 16  - Libcurl will limit the number of connections to a host
LogInit:  - LocalHostAddr = Default
LogInit:  - BufferSize = 65536
LogOnline: OSS: Creating online subsystem instance for: NULL
LogInit: WinSock: version 1.1 (2.2), MaxSocks=32767, MaxUdp=65467
LogOnline: OSS: TryLoadSubsystemAndSetDefault: Loaded subsystem for module [NULL]
LogInit: Build: ++UE4+Release-4.24-CL-11590370
LogInit: Engine Version: 4.24.3-11590370+++UE4+Release-4.24
LogInit: Compatible Engine Version: 4.24.0-10570792+++UE4+Release-4.24
LogInit: Net CL: 10570792
LogInit: OS: Windows 10 (Release 1909) (), CPU: AMD Ryzen 5 3600 6-Core Processor              , GPU: NVIDIA GeForce RTX 2070
LogInit: Compiled (64-bit): Feb 24 2020 15:39:18
LogInit: Compiled with Visual C++: 19.16.27032.01
LogInit: Build Configuration: Development
LogInit: Branch Name: ++UE4+Release-4.24
LogInit: Command Line: 
LogInit: Base Directory: C:/Program Files/Epic Games/UE_4.24/Engine/Binaries/Win64/
LogInit: Installed Engine Build: 1
LogDevObjectVersion: Number of dev versions registered: 25
LogDevObjectVersion:   Dev-Blueprints (B0D832E4-1F89-4F0D-ACCF-7EB736FD4AA2): 10
LogDevObjectVersion:   Dev-Build (E1C64328-A22C-4D53-A36C-8E866417BD8C): 0
LogDevObjectVersion:   Dev-Core (375EC13C-06E4-48FB-B500-84F0262A717E): 3
LogDevObjectVersion:   Dev-Editor (E4B068ED-F494-42E9-A231-DA0B2E46BB41): 37
LogDevObjectVersion:   Dev-Framework (CFFC743F-43B0-4480-9391-14DF171D2073): 36
LogDevObjectVersion:   Dev-Mobile (B02B49B5-BB20-44E9-A304-32B752E40360): 2
LogDevObjectVersion:   Dev-Networking (A4E4105C-59A1-49B5-A7C5-40C4547EDFEE): 0
LogDevObjectVersion:   Dev-Online (39C831C9-5AE6-47DC-9A44-9C173E1C8E7C): 0
LogDevObjectVersion:   Dev-Physics (78F01B33-EBEA-4F98-B9B4-84EACCB95AA2): 2
LogDevObjectVersion:   Dev-Platform (6631380F-2D4D-43E0-8009-CF276956A95A): 0
LogDevObjectVersion:   Dev-Rendering (12F88B9F-8875-4AFC-A67C-D90C383ABD29): 36
LogDevObjectVersion:   Dev-Sequencer (7B5AE74C-D270-4C10-A958-57980B212A5A): 11
LogDevObjectVersion:   Dev-VR (D7296918-1DD6-4BDD-9DE2-64A83CC13884): 2
LogDevObjectVersion:   Dev-LoadTimes (C2A15278-BFE7-4AFE-6C17-90FF531DF755): 1
LogDevObjectVersion:   Private-Geometry (6EACA3D4-40EC-4CC1-B786-8BED09428FC5): 3
LogDevObjectVersion:   Dev-AnimPhys (29E575DD-E0A3-4627-9D10-D276232CDCEA): 17
LogDevObjectVersion:   Dev-Anim (AF43A65D-7FD3-4947-9873-3E8ED9C1BB05): 2
LogDevObjectVersion:   Dev-ReflectionCapture (6B266CEC-1EC7-4B8F-A30B-E4D90942FC07): 1
LogDevObjectVersion:   Dev-Automation (0DF73D61-A23F-47EA-B727-89E90C41499A): 1
LogDevObjectVersion:   FortniteMain (601D1886-AC64-4F84-AA16-D3DE0DEAC7D6): 31
LogDevObjectVersion:   Dev-Enterprise (9DFFBCD6-494F-0158-E221-12823C92A888): 8
LogDevObjectVersion:   Dev-Niagara (F2AED0AC-9AFE-416F-8664-AA7FFA26D6FC): 1
LogDevObjectVersion:   Dev-Destruction (174F1F0B-B4C6-45A5-B13F-2EE8D0FB917D): 9
LogDevObjectVersion:   Dev-Physics-Ext (35F94A83-E258-406C-A318-09F59610247C): 8
LogDevObjectVersion:   Dev-CineCamera (B2E18506-4273-CFC2-A54E-F4BB758BBA07): 1
LogInit: Presizing for max 25165824 objects, including 0 objects not considered by GC, pre-allocating 0 bytes for permanent pool.
LogInit: Object subsystem initialized
LogConfig: Setting CVar [[con.DebugEarlyDefault:1]]
LogConfig: Setting CVar [[r.setres:1280x720]]
[2020.04.25-20.56.25:693][  0]LogConfig: Setting CVar [[r.VSync:0]]
[2020.04.25-20.56.25:693][  0]LogConfig: Setting CVar [[r.RHICmdBypass:0]]
[2020.04.25-20.56.25:693][  0]LogConfig: Applying CVar settings from Section [/Script/Engine.RendererSettings] File [C:/Users/Gabe/Documents/GitHub/Unreal-Fast-Track-2020/Week 1/FirstHourProject/Saved/Config/Windows/Engine.ini]
[2020.04.25-20.56.25:693][  0]LogConfig: Setting CVar [[r.GPUCrashDebugging:0]]
[2020.04.25-20.56.25:693][  0]LogConfig: Applying CVar settings from Section [/Script/Engine.RendererOverrideSettings] File [C:/Users/Gabe/Documents/GitHub/Unreal-Fast-Track-2020/Week 1/FirstHourProject/Saved/Config/Windows/Engine.ini]
[2020.04.25-20.56.25:693][  0]LogConfig: Applying CVar settings from Section [/Script/Engine.StreamingSettings] File [C:/Users/Gabe/Documents/GitHub/Unreal-Fast-Track-2020/Week 1/FirstHourProject/Saved/Config/Windows/Engine.ini]
[2020.04.25-20.56.25:693][  0]LogConfig: Setting CVar [[s.MinBulkDataSizeForAsyncLoading:131072]]
[2020.04.25-20.56.25:693][  0]LogConfig: Setting CVar [[s.AsyncLoadingThreadEnabled:0]]
[2020.04.25-20.56.25:693][  0]LogConfig: Setting CVar [[s.EventDrivenLoaderEnabled:1]]
[2020.04.25-20.56.25:693][  0]LogConfig: Setting CVar [[s.WarnIfTimeLimitExceeded:0]]
[2020.04.25-20.56.25:693][  0]LogConfig: Setting CVar [[s.TimeLimitExceededMultiplier:1.5]]
[2020.04.25-20.56.25:693][  0]LogConfig: Setting CVar [[s.TimeLimitExceededMinTime:0.005]]
[2020.04.25-20.56.25:693][  0]LogConfig: Setting CVar [[s.UseBackgroundLevelStreaming:1]]
[2020.04.25-20.56.25:693][  0]LogConfig: Setting CVar [[s.PriorityAsyncLoadingExtraTime:15.0]]
[2020.04.25-20.56.25:693][  0]LogConfig: Setting CVar [[s.LevelStreamingActorsUpdateTimeLimit:5.0]]
[2020.04.25-20.56.25:693][  0]LogConfig: Setting CVar [[s.PriorityLevelStreamingActorsUpdateExtraTime:5.0]]
[2020.04.25-20.56.25:693][  0]LogConfig: Setting CVar [[s.LevelStreamingComponentsRegistrationGranularity:10]]
[2020.04.25-20.56.25:693][  0]LogConfig: Setting CVar [[s.UnregisterComponentsTimeLimit:1.0]]
[2020.04.25-20.56.25:693][  0]LogConfig: Setting CVar [[s.LevelStreamingComponentsUnregistrationGranularity:5]]
[2020.04.25-20.56.25:693][  0]LogConfig: Setting CVar [[s.FlushStreamingOnExit:1]]
[2020.04.25-20.56.25:693][  0]LogConfig: Applying CVar settings from Section [/Script/Engine.GarbageCollectionSettings] File [C:/Users/Gabe/Documents/GitHub/Unreal-Fast-Track-2020/Week 1/FirstHourProject/Saved/Config/Windows/Engine.ini]
[2020.04.25-20.56.25:693][  0]LogConfig: Setting CVar [[gc.MaxObjectsNotConsideredByGC:1]]
[2020.04.25-20.56.25:693][  0]LogConfig: Setting CVar [[gc.SizeOfPermanentObjectPool:0]]
[2020.04.25-20.56.25:693][  0]LogConfig: Setting CVar [[gc.FlushStreamingOnGC:0]]
[2020.04.25-20.56.25:693][  0]LogConfig: Setting CVar [[gc.NumRetriesBeforeForcingGC:10]]
[2020.04.25-20.56.25:693][  0]LogConfig: Setting CVar [[gc.AllowParallelGC:1]]
[2020.04.25-20.56.25:693][  0]LogConfig: Setting CVar [[gc.TimeBetweenPurgingPendingKillObjects:61.1]]
[2020.04.25-20.56.25:693][  0]LogConfig: Setting CVar [[gc.MaxObjectsInEditor:25165824]]
[2020.04.25-20.56.25:693][  0]LogConfig: Setting CVar [[gc.IncrementalBeginDestroyEnabled:1]]
[2020.04.25-20.56.25:693][  0]LogConfig: Setting CVar [[gc.CreateGCClusters:1]]
[2020.04.25-20.56.25:693][  0]LogConfig: Setting CVar [[gc.MinGCClusterSize:5]]
[2020.04.25-20.56.25:693][  0]LogConfig: Setting CVar [[gc.ActorClusteringEnabled:0]]
[2020.04.25-20.56.25:693][  0]LogConfig: Setting CVar [[gc.BlueprintClusteringEnabled:0]]
[2020.04.25-20.56.25:693][  0]LogConfig: Setting CVar [[gc.UseDisregardForGCOnDedicatedServers:0]]
[2020.04.25-20.56.25:693][  0]LogConfig: Applying CVar settings from Section [/Script/Engine.NetworkSettings] File [C:/Users/Gabe/Documents/GitHub/Unreal-Fast-Track-2020/Week 1/FirstHourProject/Saved/Config/Windows/Engine.ini]
[2020.04.25-20.56.25:693][  0]LogConfig: Applying CVar settings from Section [/Script/UnrealEd.CookerSettings] File [C:/Users/Gabe/Documents/GitHub/Unreal-Fast-Track-2020/Week 1/FirstHourProject/Saved/Config/Windows/Engine.ini]
[2020.04.25-20.56.25:704][  0]LogConfig: Applying CVar settings from Section [ViewDistanceQuality@3] File [C:/Users/Gabe/Documents/GitHub/Unreal-Fast-Track-2020/Week 1/FirstHourProject/Saved/Config/Windows/Scalability.ini]
[2020.04.25-20.56.25:704][  0]LogConfig: Setting CVar [[r.SkeletalMeshLODBias:0]]
[2020.04.25-20.56.25:704][  0]LogConfig: Setting CVar [[r.ViewDistanceScale:1.0]]
[2020.04.25-20.56.25:704][  0]LogConfig: Applying CVar settings from Section [AntiAliasingQuality@3] File [C:/Users/Gabe/Documents/GitHub/Unreal-Fast-Track-2020/Week 1/FirstHourProject/Saved/Config/Windows/Scalability.ini]
[2020.04.25-20.56.25:705][  0]LogConfig: Setting CVar [[r.PostProcessAAQuality:4]]
[2020.04.25-20.56.25:705][  0]LogConfig: Applying CVar settings from Section [ShadowQuality@3] File [C:/Users/Gabe/Documents/GitHub/Unreal-Fast-Track-2020/Week 1/FirstHourProject/Saved/Config/Windows/Scalability.ini]
[2020.04.25-20.56.25:705][  0]LogConfig: Setting CVar [[r.LightFunctionQuality:1]]
[2020.04.25-20.56.25:705][  0]LogConfig: Setting CVar [[r.ShadowQuality:5]]
[2020.04.25-20.56.25:705][  0]LogConfig: Setting CVar [[r.Shadow.CSM.MaxCascades:10]]
[2020.04.25-20.56.25:705][  0]LogConfig: Setting CVar [[r.Shadow.MaxResolution:2048]]
[2020.04.25-20.56.25:705][  0]LogConfig: Setting CVar [[r.Shadow.MaxCSMResolution:2048]]
[2020.04.25-20.56.25:705][  0]LogConfig: Setting CVar [[r.Shadow.RadiusThreshold:0.01]]
[2020.04.25-20.56.25:705][  0]LogConfig: Setting CVar [[r.Shadow.DistanceScale:1.0]]
[2020.04.25-20.56.25:705][  0]LogConfig: Setting CVar [[r.Shadow.CSM.TransitionScale:1.0]]
[2020.04.25-20.56.25:705][  0]LogConfig: Setting CVar [[r.Shadow.PreShadowResolutionFactor:1.0]]
[2020.04.25-20.56.25:705][  0]LogConfig: Setting CVar [[r.DistanceFieldShadowing:1]]
[2020.04.25-20.56.25:705][  0]LogConfig: Setting CVar [[r.DistanceFieldAO:1]]
[2020.04.25-20.56.25:705][  0]LogConfig: Setting CVar [[r.AOQuality:2]]
[2020.04.25-20.56.25:705][  0]LogConfig: Setting CVar [[r.VolumetricFog:1]]
[2020.04.25-20.56.25:705][  0]LogConfig: Setting CVar [[r.VolumetricFog.GridPixelSize:8]]
[2020.04.25-20.56.25:705][  0]LogConfig: Setting CVar [[r.VolumetricFog.GridSizeZ:128]]
[2020.04.25-20.56.25:705][  0]LogConfig: Setting CVar [[r.VolumetricFog.HistoryMissSupersampleCount:4]]
[2020.04.25-20.56.25:705][  0]LogConfig: Setting CVar [[r.LightMaxDrawDistanceScale:1]]
[2020.04.25-20.56.25:705][  0]LogConfig: Setting CVar [[r.CapsuleShadows:1]]
[2020.04.25-20.56.25:705][  0]LogConfig: Applying CVar settings from Section [PostProcessQuality@3] File [C:/Users/Gabe/Documents/GitHub/Unreal-Fast-Track-2020/Week 1/FirstHourProject/Saved/Config/Windows/Scalability.ini]
[2020.04.25-20.56.25:705][  0]LogConfig: Setting CVar [[r.MotionBlurQuality:4]]
[2020.04.25-20.56.25:705][  0]LogConfig: Setting CVar [[r.AmbientOcclusionMipLevelFactor:0.4]]
[2020.04.25-20.56.25:705][  0]LogConfig: Setting CVar [[r.AmbientOcclusionMaxQuality:100]]
[2020.04.25-20.56.25:705][  0]LogConfig: Setting CVar [[r.AmbientOcclusionLevels:-1]]
[2020.04.25-20.56.25:705][  0]LogConfig: Setting CVar [[r.AmbientOcclusionRadiusScale:1.0]]
[2020.04.25-20.56.25:705][  0]LogConfig: Setting CVar [[r.DepthOfFieldQuality:2]]
[2020.04.25-20.56.25:705][  0]LogConfig: Setting CVar [[r.RenderTargetPoolMin:400]]
[2020.04.25-20.56.25:705][  0]LogConfig: Setting CVar [[r.LensFlareQuality:2]]
[2020.04.25-20.56.25:705][  0]LogConfig: Setting CVar [[r.SceneColorFringeQuality:1]]
[2020.04.25-20.56.25:705][  0]LogConfig: Setting CVar [[r.EyeAdaptationQuality:2]]
[2020.04.25-20.56.25:705][  0]LogConfig: Setting CVar [[r.BloomQuality:5]]
[2020.04.25-20.56.25:705][  0]LogConfig: Setting CVar [[r.FastBlurThreshold:100]]
[2020.04.25-20.56.25:705][  0]LogConfig: Setting CVar [[r.Upscale.Quality:3]]
[2020.04.25-20.56.25:705][  0]LogConfig: Setting CVar [[r.Tonemapper.GrainQuantization:1]]
[2020.04.25-20.56.25:705][  0]LogConfig: Setting CVar [[r.LightShaftQuality:1]]
[2020.04.25-20.56.25:705][  0]LogConfig: Setting CVar [[r.Filter.SizeScale:1]]
[2020.04.25-20.56.25:705][  0]LogConfig: Setting CVar [[r.Tonemapper.Quality:5]]
[2020.04.25-20.56.25:705][  0]LogConfig: Setting CVar [[r.DOF.Gather.AccumulatorQuality:1        ; higher gathering accumulator quality]]
[2020.04.25-20.56.25:705][  0]LogConfig: Setting CVar [[r.DOF.Gather.PostfilterMethod:1          ; Median3x3 postfilering method]]
[2020.04.25-20.56.25:705][  0]LogConfig: Setting CVar [[r.DOF.Gather.EnableBokehSettings:0       ; no bokeh simulation when gathering]]
[2020.04.25-20.56.25:705][  0]LogConfig: Setting CVar [[r.DOF.Gather.RingCount:4                 ; medium number of samples when gathering]]
[2020.04.25-20.56.25:705][  0]LogConfig: Setting CVar [[r.DOF.Scatter.ForegroundCompositing:1    ; additive foreground scattering]]
[2020.04.25-20.56.25:705][  0]LogConfig: Setting CVar [[r.DOF.Scatter.BackgroundCompositing:2    ; additive background scattering]]
[2020.04.25-20.56.25:705][  0]LogConfig: Setting CVar [[r.DOF.Scatter.EnableBokehSettings:1      ; bokeh simulation when scattering]]
[2020.04.25-20.56.25:705][  0]LogConfig: Setting CVar [[r.DOF.Scatter.MaxSpriteRatio:0.1         ; only a maximum of 10% of scattered bokeh]]
[2020.04.25-20.56.25:705][  0]LogConfig: Setting CVar [[r.DOF.Recombine.Quality:1                ; cheap slight out of focus]]
[2020.04.25-20.56.25:705][  0]LogConfig: Setting CVar [[r.DOF.Recombine.EnableBokehSettings:0    ; no bokeh simulation on slight out of focus]]
[2020.04.25-20.56.25:705][  0]LogConfig: Setting CVar [[r.DOF.TemporalAAQuality:1                ; more stable temporal accumulation]]
[2020.04.25-20.56.25:705][  0]LogConfig: Setting CVar [[r.DOF.Kernel.MaxForegroundRadius:0.025]]
[2020.04.25-20.56.25:705][  0]LogConfig: Setting CVar [[r.DOF.Kernel.MaxBackgroundRadius:0.025]]
[2020.04.25-20.56.25:705][  0]LogConfig: Applying CVar settings from Section [TextureQuality@3] File [C:/Users/Gabe/Documents/GitHub/Unreal-Fast-Track-2020/Week 1/FirstHourProject/Saved/Config/Windows/Scalability.ini]
[2020.04.25-20.56.25:705][  0]LogConfig: Setting CVar [[r.Streaming.MipBias:0]]
[2020.04.25-20.56.25:705][  0]LogConfig: Setting CVar [[r.Streaming.AmortizeCPUToGPUCopy:0]]
[2020.04.25-20.56.25:705][  0]LogConfig: Setting CVar [[r.Streaming.MaxNumTexturesToStreamPerFrame:0]]
[2020.04.25-20.56.25:705][  0]LogConfig: Setting CVar [[r.Streaming.Boost:1]]
[2020.04.25-20.56.25:705][  0]LogConfig: Setting CVar [[r.MaxAnisotropy:8]]
[2020.04.25-20.56.25:705][  0]LogConfig: Setting CVar [[r.VT.MaxAnisotropy:8]]
[2020.04.25-20.56.25:705][  0]LogConfig: Setting CVar [[r.Streaming.LimitPoolSizeToVRAM:0]]
[2020.04.25-20.56.25:705][  0]LogConfig: Setting CVar [[r.Streaming.PoolSize:1000]]
[2020.04.25-20.56.25:705][  0]LogConfig: Setting CVar [[r.Streaming.MaxEffectiveScreenSize:0]]
[2020.04.25-20.56.25:705][  0]LogConfig: Applying CVar settings from Section [EffectsQuality@3] File [C:/Users/Gabe/Documents/GitHub/Unreal-Fast-Track-2020/Week 1/FirstHourProject/Saved/Config/Windows/Scalability.ini]
[2020.04.25-20.56.25:705][  0]LogConfig: Setting CVar [[r.TranslucencyLightingVolumeDim:64]]
[2020.04.25-20.56.25:705][  0]LogConfig: Setting CVar [[r.RefractionQuality:2]]
[2020.04.25-20.56.25:705][  0]LogConfig: Setting CVar [[r.SSR.Quality:3]]
[2020.04.25-20.56.25:705][  0]LogConfig: Setting CVar [[r.SSR.HalfResSceneColor:0]]
[2020.04.25-20.56.25:705][  0]LogConfig: Setting CVar [[r.SceneColorFormat:4]]
[2020.04.25-20.56.25:705][  0]LogConfig: Setting CVar [[r.DetailMode:2]]
[2020.04.25-20.56.25:705][  0]LogConfig: Setting CVar [[r.TranslucencyVolumeBlur:1]]
[2020.04.25-20.56.25:705][  0]LogConfig: Setting CVar [[r.MaterialQualityLevel:1 ; High quality]]
[2020.04.25-20.56.25:705][  0]LogConfig: Setting CVar [[r.SSS.Scale:1]]
[2020.04.25-20.56.25:705][  0]LogConfig: Setting CVar [[r.SSS.SampleSet:2]]
[2020.04.25-20.56.25:705][  0]LogConfig: Setting CVar [[r.SSS.Quality:1]]
[2020.04.25-20.56.25:705][  0]LogConfig: Setting CVar [[r.SSS.HalfRes:1]]
[2020.04.25-20.56.25:705][  0]LogConfig: Setting CVar [[r.SSGI.Quality:3]]
[2020.04.25-20.56.25:705][  0]LogConfig: Setting CVar [[r.EmitterSpawnRateScale:1.0]]
[2020.04.25-20.56.25:705][  0]LogConfig: Setting CVar [[r.ParticleLightQuality:2]]
[2020.04.25-20.56.25:705][  0]LogConfig: Setting CVar [[r.SkyAtmosphere.AerialPerspectiveLUT.FastApplyOnOpaque:1 ; Always have FastSkyLUT 1 in this case to avoid wrong sky]]
[2020.04.25-20.56.25:705][  0]LogConfig: Setting CVar [[r.SkyAtmosphere.AerialPerspectiveLUT.SampleCountPerSlice:1]]
[2020.04.25-20.56.25:705][  0]LogConfig: Setting CVar [[r.SkyAtmosphere.AerialPerspectiveLUT.DepthResolution:16.0]]
[2020.04.25-20.56.25:705][  0]LogConfig: Setting CVar [[r.SkyAtmosphere.FastSkyLUT:1]]
[2020.04.25-20.56.25:706][  0]LogConfig: Setting CVar [[r.SkyAtmosphere.FastSkyLUT.SampleCountMin:4.0]]
[2020.04.25-20.56.25:706][  0]LogConfig: Setting CVar [[r.SkyAtmosphere.FastSkyLUT.SampleCountMax:32.0]]
[2020.04.25-20.56.25:706][  0]LogConfig: Setting CVar [[r.SkyAtmosphere.SampleCountMin:4.0]]
[2020.04.25-20.56.25:706][  0]LogConfig: Setting CVar [[r.SkyAtmosphere.SampleCountMax:32.0]]
[2020.04.25-20.56.25:706][  0]LogConfig: Setting CVar [[r.SkyAtmosphere.TransmittanceLUT.UseSmallFormat:0]]
[2020.04.25-20.56.25:706][  0]LogConfig: Setting CVar [[r.SkyAtmosphere.TransmittanceLUT.SampleCount:10.0]]
[2020.04.25-20.56.25:706][  0]LogConfig: Setting CVar [[r.SkyAtmosphere.MultiScatteringLUT.SampleCount:15.0]]
[2020.04.25-20.56.25:706][  0]LogConfig: Applying CVar settings from Section [FoliageQuality@3] File [C:/Users/Gabe/Documents/GitHub/Unreal-Fast-Track-2020/Week 1/FirstHourProject/Saved/Config/Windows/Scalability.ini]
[2020.04.25-20.56.25:706][  0]LogConfig: Setting CVar [[foliage.DensityScale:1.0]]
[2020.04.25-20.56.25:706][  0]LogConfig: Setting CVar [[grass.DensityScale:1.0]]
[2020.04.25-20.56.25:706][  0]LogConfig: Applying CVar settings from Section [ShadingQuality@3] File [C:/Users/Gabe/Documents/GitHub/Unreal-Fast-Track-2020/Week 1/FirstHourProject/Saved/Config/Windows/Scalability.ini]
[2020.04.25-20.56.25:706][  0]LogConfig: Setting CVar [[r.HairStrands.SkyLighting.SampleCount:16]]
[2020.04.25-20.56.25:706][  0]LogConfig: Setting CVar [[r.HairStrands.SkyLighting.JitterIntegration:0]]
[2020.04.25-20.56.25:706][  0]LogConfig: Setting CVar [[r.HairStrands.SkyAO.SampleCount:16]]
[2020.04.25-20.56.25:706][  0]LogInit: Selected Device Profile: [Windows]
[2020.04.25-20.56.25:706][  0]LogInit: Applying CVar settings loaded from the selected device profile: [Windows]
[2020.04.25-20.56.25:712][  0]LogHAL: Display: Platform has ~ 16 GB [17126477824 / 17179869184 / 16], which maps to Larger [LargestMinGB=32, LargerMinGB=12, DefaultMinGB=8, SmallerMinGB=6, SmallestMinGB=0)
[2020.04.25-20.56.25:712][  0]LogInit: Going up to parent DeviceProfile []
[2020.04.25-20.56.25:712][  0]LogConfig: Applying CVar settings from Section [ViewDistanceQuality@3] File [C:/Users/Gabe/Documents/GitHub/Unreal-Fast-Track-2020/Week 1/FirstHourProject/Saved/Config/Windows/Scalability.ini]
[2020.04.25-20.56.25:712][  0]LogConfig: Setting CVar [[r.SkeletalMeshLODBias:0]]
[2020.04.25-20.56.25:712][  0]LogConfig: Setting CVar [[r.ViewDistanceScale:1.0]]
[2020.04.25-20.56.25:712][  0]LogConfig: Applying CVar settings from Section [AntiAliasingQuality@3] File [C:/Users/Gabe/Documents/GitHub/Unreal-Fast-Track-2020/Week 1/FirstHourProject/Saved/Config/Windows/Scalability.ini]
[2020.04.25-20.56.25:712][  0]LogConfig: Setting CVar [[r.PostProcessAAQuality:4]]
[2020.04.25-20.56.25:712][  0]LogConfig: Applying CVar settings from Section [ShadowQuality@3] File [C:/Users/Gabe/Documents/GitHub/Unreal-Fast-Track-2020/Week 1/FirstHourProject/Saved/Config/Windows/Scalability.ini]
[2020.04.25-20.56.25:712][  0]LogConfig: Setting CVar [[r.LightFunctionQuality:1]]
[2020.04.25-20.56.25:712][  0]LogConfig: Setting CVar [[r.ShadowQuality:5]]
[2020.04.25-20.56.25:712][  0]LogConfig: Setting CVar [[r.Shadow.CSM.MaxCascades:10]]
[2020.04.25-20.56.25:712][  0]LogConfig: Setting CVar [[r.Shadow.MaxResolution:2048]]
[2020.04.25-20.56.25:712][  0]LogConfig: Setting CVar [[r.Shadow.MaxCSMResolution:2048]]
[2020.04.25-20.56.25:712][  0]LogConfig: Setting CVar [[r.Shadow.RadiusThreshold:0.01]]
[2020.04.25-20.56.25:712][  0]LogConfig: Setting CVar [[r.Shadow.DistanceScale:1.0]]
[2020.04.25-20.56.25:712][  0]LogConfig: Setting CVar [[r.Shadow.CSM.TransitionScale:1.0]]
[2020.04.25-20.56.25:712][  0]LogConfig: Setting CVar [[r.Shadow.PreShadowResolutionFactor:1.0]]
[2020.04.25-20.56.25:712][  0]LogConfig: Setting CVar [[r.DistanceFieldShadowing:1]]
[2020.04.25-20.56.25:712][  0]LogConfig: Setting CVar [[r.DistanceFieldAO:1]]
[2020.04.25-20.56.25:712][  0]LogConfig: Setting CVar [[r.AOQuality:2]]
[2020.04.25-20.56.25:712][  0]LogConfig: Setting CVar [[r.VolumetricFog:1]]
[2020.04.25-20.56.25:712][  0]LogConfig: Setting CVar [[r.VolumetricFog.GridPixelSize:8]]
[2020.04.25-20.56.25:712][  0]LogConfig: Setting CVar [[r.VolumetricFog.GridSizeZ:128]]
[2020.04.25-20.56.25:712][  0]LogConfig: Setting CVar [[r.VolumetricFog.HistoryMissSupersampleCount:4]]
[2020.04.25-20.56.25:712][  0]LogConfig: Setting CVar [[r.LightMaxDrawDistanceScale:1]]
[2020.04.25-20.56.25:712][  0]LogConfig: Setting CVar [[r.CapsuleShadows:1]]
[2020.04.25-20.56.25:712][  0]LogConfig: Applying CVar settings from Section [PostProcessQuality@3] File [C:/Users/Gabe/Documents/GitHub/Unreal-Fast-Track-2020/Week 1/FirstHourProject/Saved/Config/Windows/Scalability.ini]
[2020.04.25-20.56.25:712][  0]LogConfig: Setting CVar [[r.MotionBlurQuality:4]]
[2020.04.25-20.56.25:712][  0]LogConfig: Setting CVar [[r.AmbientOcclusionMipLevelFactor:0.4]]
[2020.04.25-20.56.25:712][  0]LogConfig: Setting CVar [[r.AmbientOcclusionMaxQuality:100]]
[2020.04.25-20.56.25:712][  0]LogConfig: Setting CVar [[r.AmbientOcclusionLevels:-1]]
[2020.04.25-20.56.25:712][  0]LogConfig: Setting CVar [[r.AmbientOcclusionRadiusScale:1.0]]
[2020.04.25-20.56.25:712][  0]LogConfig: Setting CVar [[r.DepthOfFieldQuality:2]]
[2020.04.25-20.56.25:712][  0]LogConfig: Setting CVar [[r.RenderTargetPoolMin:400]]
[2020.04.25-20.56.25:712][  0]LogConfig: Setting CVar [[r.LensFlareQuality:2]]
[2020.04.25-20.56.25:712][  0]LogConfig: Setting CVar [[r.SceneColorFringeQuality:1]]
[2020.04.25-20.56.25:712][  0]LogConfig: Setting CVar [[r.EyeAdaptationQuality:2]]
[2020.04.25-20.56.25:712][  0]LogConfig: Setting CVar [[r.BloomQuality:5]]
[2020.04.25-20.56.25:712][  0]LogConfig: Setting CVar [[r.FastBlurThreshold:100]]
[2020.04.25-20.56.25:712][  0]LogConfig: Setting CVar [[r.Upscale.Quality:3]]
[2020.04.25-20.56.25:712][  0]LogConfig: Setting CVar [[r.Tonemapper.GrainQuantization:1]]
[2020.04.25-20.56.25:712][  0]LogConfig: Setting CVar [[r.LightShaftQuality:1]]
[2020.04.25-20.56.25:712][  0]LogConfig: Setting CVar [[r.Filter.SizeScale:1]]
[2020.04.25-20.56.25:712][  0]LogConfig: Setting CVar [[r.Tonemapper.Quality:5]]
[2020.04.25-20.56.25:712][  0]LogConfig: Setting CVar [[r.DOF.Gather.AccumulatorQuality:1        ; higher gathering accumulator quality]]
[2020.04.25-20.56.25:712][  0]LogConfig: Setting CVar [[r.DOF.Gather.PostfilterMethod:1          ; Median3x3 postfilering method]]
[2020.04.25-20.56.25:712][  0]LogConfig: Setting CVar [[r.DOF.Gather.EnableBokehSettings:0       ; no bokeh simulation when gathering]]
[2020.04.25-20.56.25:713][  0]LogConfig: Setting CVar [[r.DOF.Gather.RingCount:4                 ; medium number of samples when gathering]]
[2020.04.25-20.56.25:713][  0]LogConfig: Setting CVar [[r.DOF.Scatter.ForegroundCompositing:1    ; additive foreground scattering]]
[2020.04.25-20.56.25:713][  0]LogConfig: Setting CVar [[r.DOF.Scatter.BackgroundCompositing:2    ; additive background scattering]]
[2020.04.25-20.56.25:713][  0]LogConfig: Setting CVar [[r.DOF.Scatter.EnableBokehSettings:1      ; bokeh simulation when scattering]]
[2020.04.25-20.56.25:713][  0]LogConfig: Setting CVar [[r.DOF.Scatter.MaxSpriteRatio:0.1         ; only a maximum of 10% of scattered bokeh]]
[2020.04.25-20.56.25:713][  0]LogConfig: Setting CVar [[r.DOF.Recombine.Quality:1                ; cheap slight out of focus]]
[2020.04.25-20.56.25:713][  0]LogConfig: Setting CVar [[r.DOF.Recombine.EnableBokehSettings:0    ; no bokeh simulation on slight out of focus]]
[2020.04.25-20.56.25:713][  0]LogConfig: Setting CVar [[r.DOF.TemporalAAQuality:1                ; more stable temporal accumulation]]
[2020.04.25-20.56.25:713][  0]LogConfig: Setting CVar [[r.DOF.Kernel.MaxForegroundRadius:0.025]]
[2020.04.25-20.56.25:713][  0]LogConfig: Setting CVar [[r.DOF.Kernel.MaxBackgroundRadius:0.025]]
[2020.04.25-20.56.25:713][  0]LogConfig: Applying CVar settings from Section [TextureQuality@3] File [C:/Users/Gabe/Documents/GitHub/Unreal-Fast-Track-2020/Week 1/FirstHourProject/Saved/Config/Windows/Scalability.ini]
[2020.04.25-20.56.25:713][  0]LogConfig: Setting CVar [[r.Streaming.MipBias:0]]
[2020.04.25-20.56.25:713][  0]LogConfig: Setting CVar [[r.Streaming.AmortizeCPUToGPUCopy:0]]
[2020.04.25-20.56.25:713][  0]LogConfig: Setting CVar [[r.Streaming.MaxNumTexturesToStreamPerFrame:0]]
[2020.04.25-20.56.25:713][  0]LogConfig: Setting CVar [[r.Streaming.Boost:1]]
[2020.04.25-20.56.25:713][  0]LogConfig: Setting CVar [[r.MaxAnisotropy:8]]
[2020.04.25-20.56.25:713][  0]LogConfig: Setting CVar [[r.VT.MaxAnisotropy:8]]
[2020.04.25-20.56.25:713][  0]LogConfig: Setting CVar [[r.Streaming.LimitPoolSizeToVRAM:0]]
[2020.04.25-20.56.25:713][  0]LogConfig: Setting CVar [[r.Streaming.PoolSize:1000]]
[2020.04.25-20.56.25:713][  0]LogConfig: Setting CVar [[r.Streaming.MaxEffectiveScreenSize:0]]
[2020.04.25-20.56.25:713][  0]LogConfig: Applying CVar settings from Section [EffectsQuality@3] File [C:/Users/Gabe/Documents/GitHub/Unreal-Fast-Track-2020/Week 1/FirstHourProject/Saved/Config/Windows/Scalability.ini]
[2020.04.25-20.56.25:713][  0]LogConfig: Setting CVar [[r.TranslucencyLightingVolumeDim:64]]
[2020.04.25-20.56.25:713][  0]LogConfig: Setting CVar [[r.RefractionQuality:2]]
[2020.04.25-20.56.25:713][  0]LogConfig: Setting CVar [[r.SSR.Quality:3]]
[2020.04.25-20.56.25:713][  0]LogConfig: Setting CVar [[r.SSR.HalfResSceneColor:0]]
[2020.04.25-20.56.25:713][  0]LogConfig: Setting CVar [[r.SceneColorFormat:4]]
[2020.04.25-20.56.25:713][  0]LogConfig: Setting CVar [[r.DetailMode:2]]
[2020.04.25-20.56.25:713][  0]LogConfig: Setting CVar [[r.TranslucencyVolumeBlur:1]]
[2020.04.25-20.56.25:713][  0]LogConfig: Setting CVar [[r.MaterialQualityLevel:1 ; High quality]]
[2020.04.25-20.56.25:713][  0]LogConfig: Setting CVar [[r.SSS.Scale:1]]
[2020.04.25-20.56.25:713][  0]LogConfig: Setting CVar [[r.SSS.SampleSet:2]]
[2020.04.25-20.56.25:713][  0]LogConfig: Setting CVar [[r.SSS.Quality:1]]
[2020.04.25-20.56.25:713][  0]LogConfig: Setting CVar [[r.SSS.HalfRes:1]]
[2020.04.25-20.56.25:713][  0]LogConfig: Setting CVar [[r.SSGI.Quality:3]]
[2020.04.25-20.56.25:713][  0]LogConfig: Setting CVar [[r.EmitterSpawnRateScale:1.0]]
[2020.04.25-20.56.25:713][  0]LogConfig: Setting CVar [[r.ParticleLightQuality:2]]
[2020.04.25-20.56.25:713][  0]LogConfig: Setting CVar [[r.SkyAtmosphere.AerialPerspectiveLUT.FastApplyOnOpaque:1 ; Always have FastSkyLUT 1 in this case to avoid wrong sky]]
[2020.04.25-20.56.25:713][  0]LogConfig: Setting CVar [[r.SkyAtmosphere.AerialPerspectiveLUT.SampleCountPerSlice:1]]
[2020.04.25-20.56.25:713][  0]LogConfig: Setting CVar [[r.SkyAtmosphere.AerialPerspectiveLUT.DepthResolution:16.0]]
[2020.04.25-20.56.25:713][  0]LogConfig: Setting CVar [[r.SkyAtmosphere.FastSkyLUT:1]]
[2020.04.25-20.56.25:713][  0]LogConfig: Setting CVar [[r.SkyAtmosphere.FastSkyLUT.SampleCountMin:4.0]]
[2020.04.25-20.56.25:713][  0]LogConfig: Setting CVar [[r.SkyAtmosphere.FastSkyLUT.SampleCountMax:32.0]]
[2020.04.25-20.56.25:713][  0]LogConfig: Setting CVar [[r.SkyAtmosphere.SampleCountMin:4.0]]
[2020.04.25-20.56.25:713][  0]LogConfig: Setting CVar [[r.SkyAtmosphere.SampleCountMax:32.0]]
[2020.04.25-20.56.25:713][  0]LogConfig: Setting CVar [[r.SkyAtmosphere.TransmittanceLUT.UseSmallFormat:0]]
[2020.04.25-20.56.25:713][  0]LogConfig: Setting CVar [[r.SkyAtmosphere.TransmittanceLUT.SampleCount:10.0]]
[2020.04.25-20.56.25:713][  0]LogConfig: Setting CVar [[r.SkyAtmosphere.MultiScatteringLUT.SampleCount:15.0]]
[2020.04.25-20.56.25:713][  0]LogConfig: Applying CVar settings from Section [FoliageQuality@3] File [C:/Users/Gabe/Documents/GitHub/Unreal-Fast-Track-2020/Week 1/FirstHourProject/Saved/Config/Windows/Scalability.ini]
[2020.04.25-20.56.25:713][  0]LogConfig: Setting CVar [[foliage.DensityScale:1.0]]
[2020.04.25-20.56.25:713][  0]LogConfig: Setting CVar [[grass.DensityScale:1.0]]
[2020.04.25-20.56.25:713][  0]LogConfig: Applying CVar settings from Section [ShadingQuality@3] File [C:/Users/Gabe/Documents/GitHub/Unreal-Fast-Track-2020/Week 1/FirstHourProject/Saved/Config/Windows/Scalability.ini]
[2020.04.25-20.56.25:713][  0]LogConfig: Setting CVar [[r.HairStrands.SkyLighting.SampleCount:16]]
[2020.04.25-20.56.25:713][  0]LogConfig: Setting CVar [[r.HairStrands.SkyLighting.JitterIntegration:0]]
[2020.04.25-20.56.25:713][  0]LogConfig: Setting CVar [[r.HairStrands.SkyAO.SampleCount:16]]
[2020.04.25-20.56.25:713][  0]LogConfig: Applying CVar settings from Section [Startup] File [../../../Engine/Config/ConsoleVariables.ini]
[2020.04.25-20.56.25:714][  0]LogConfig: Setting CVar [[net.UseAdaptiveNetUpdateFrequency:0]]
[2020.04.25-20.56.25:714][  0]LogConfig: Setting CVar [[p.chaos.AllowCreatePhysxBodies:1]]
[2020.04.25-20.56.25:714][  0]LogConfig: Applying CVar settings from Section [ConsoleVariables] File [C:/Users/Gabe/Documents/GitHub/Unreal-Fast-Track-2020/Week 1/FirstHourProject/Saved/Config/Windows/Engine.ini]
[2020.04.25-20.56.25:714][  0]LogInit: Computer: GABE-DESKTOP
[2020.04.25-20.56.25:714][  0]LogInit: User: Gabe
[2020.04.25-20.56.25:714][  0]LogInit: CPU Page size=4096, Cores=6
[2020.04.25-20.56.25:714][  0]LogInit: High frequency timer resolution =10.000000 MHz
[2020.04.25-20.56.25:714][  0]LogMemory: Memory total: Physical=16.0GB (16GB approx)
[2020.04.25-20.56.25:714][  0]LogMemory: Platform Memory Stats for Windows
[2020.04.25-20.56.25:714][  0]LogMemory: Process Physical Memory: 105.69 MB used, 105.69 MB peak
[2020.04.25-20.56.25:714][  0]LogMemory: Process Virtual Memory: 101.90 MB used, 101.90 MB peak
[2020.04.25-20.56.25:714][  0]LogMemory: Physical Memory: 11539.22 MB used,  4793.86 MB free, 16333.08 MB total
[2020.04.25-20.56.25:714][  0]LogMemory: Virtual Memory: 5159.30 MB used,  134212568.00 MB free, 134217728.00 MB total
[2020.04.25-20.56.25:720][  0]LogWindows: WindowsPlatformFeatures enabled
[2020.04.25-20.56.25:788][  0]LogInit: Using OS detected language (en-GB).
[2020.04.25-20.56.25:788][  0]LogInit: Using OS detected locale (en-GB).
[2020.04.25-20.56.25:793][  0]LogTextLocalizationManager: No specific localization for 'en-GB' exists, so the 'en' localization will be used.
[2020.04.25-20.56.26:018][  0]LogInit: Setting process to per monitor DPI aware
[2020.04.25-20.56.26:069][  0]LogSlate: New Slate User Created.  User Index 0, Is Virtual User: 0
[2020.04.25-20.56.26:069][  0]LogSlate: Slate User Registered.  User Index 0, Is Virtual User: 0
[2020.04.25-20.56.28:143][  0]LogHMD: Failed to initialize OpenVR with code 119
[2020.04.25-20.56.28:143][  0]LogD3D11RHI: D3D11 min allowed feature level: 11_0
[2020.04.25-20.56.28:143][  0]LogD3D11RHI: D3D11 max allowed feature level: 11_0
[2020.04.25-20.56.28:143][  0]LogD3D11RHI: D3D11 adapters:
[2020.04.25-20.56.28:305][  0]LogD3D11RHI:    0. 'NVIDIA GeForce RTX 2070' (Feature Level 11_0)
[2020.04.25-20.56.28:305][  0]LogD3D11RHI:       8031/0/8166 MB DedicatedVideo/DedicatedSystem/SharedSystem, Outputs:1, VendorId:0x10de
[2020.04.25-20.56.28:312][  0]LogD3D11RHI:    1. 'Microsoft Basic Render Driver' (Feature Level 11_0)
[2020.04.25-20.56.28:312][  0]LogD3D11RHI:       0/0/8166 MB DedicatedVideo/DedicatedSystem/SharedSystem, Outputs:0, VendorId:0x1414
[2020.04.25-20.56.28:312][  0]LogD3D11RHI: Chosen D3D11 Adapter: 0
[2020.04.25-20.56.28:338][  0]LogD3D11RHI: Creating new Direct3DDevice
[2020.04.25-20.56.28:338][  0]LogD3D11RHI:     GPU DeviceId: 0x1f07 (for the marketing name, search the web for "GPU Device Id")
[2020.04.25-20.56.28:338][  0]LogWindows: EnumDisplayDevices:
[2020.04.25-20.56.28:339][  0]LogWindows:    0. 'NVIDIA GeForce RTX 2070' (P:1 D:1)
[2020.04.25-20.56.28:339][  0]LogWindows:    1. 'NVIDIA GeForce RTX 2070' (P:0 D:0)
[2020.04.25-20.56.28:340][  0]LogWindows:    2. 'NVIDIA GeForce RTX 2070' (P:0 D:0)
[2020.04.25-20.56.28:340][  0]LogWindows:    3. 'NVIDIA GeForce RTX 2070' (P:0 D:0)
[2020.04.25-20.56.28:341][  0]LogWindows: DebugString: FoundDriverCount:4 
[2020.04.25-20.56.28:341][  0]LogD3D11RHI:     Adapter Name: NVIDIA GeForce RTX 2070
[2020.04.25-20.56.28:341][  0]LogD3D11RHI:   Driver Version: 445.87 (internal:26.21.14.4587, unified:445.87)
[2020.04.25-20.56.28:341][  0]LogD3D11RHI:      Driver Date: 4-3-2020
[2020.04.25-20.56.28:341][  0]LogRHI: Texture pool is 5621 MB (70% of 8031 MB)
[2020.04.25-20.56.28:468][  0]LogD3D11RHI: RHI has support for 64 bit atomics
[2020.04.25-20.56.28:468][  0]LogD3D11RHI: Async texture creation enabled
[2020.04.25-20.56.28:475][  0]LogD3D11RHI: HDR output is supported on display 0 (NvId: 0x80061083).
[2020.04.25-20.56.28:506][  0]LogD3D11RHI: GPU Timing Frequency: 1000.000000 (Debug: 2 1)
[2020.04.25-20.56.29:093][  0]LogTargetPlatformManager: Display: Loaded TargetPlatform 'AllDesktop'
[2020.04.25-20.56.29:150][  0]LogTargetPlatformManager: Display: Loaded TargetPlatform 'Android'
[2020.04.25-20.56.29:150][  0]LogTargetPlatformManager: Display: Loaded TargetPlatform 'Android_ASTC'
[2020.04.25-20.56.29:150][  0]LogTargetPlatformManager: Display: Loaded TargetPlatform 'Android_ATC'
[2020.04.25-20.56.29:150][  0]LogTargetPlatformManager: Display: Loaded TargetPlatform 'Android_DXT'
[2020.04.25-20.56.29:150][  0]LogTargetPlatformManager: Display: Loaded TargetPlatform 'Android_ETC1'
[2020.04.25-20.56.29:150][  0]LogTargetPlatformManager: Display: Loaded TargetPlatform 'Android_ETC1a'
[2020.04.25-20.56.29:150][  0]LogTargetPlatformManager: Display: Loaded TargetPlatform 'Android_ETC2'
[2020.04.25-20.56.29:150][  0]LogTargetPlatformManager: Display: Loaded TargetPlatform 'Android_PVRTC'
[2020.04.25-20.56.29:150][  0]LogTargetPlatformManager: Display: Loaded TargetPlatform 'AndroidClient'
[2020.04.25-20.56.29:150][  0]LogTargetPlatformManager: Display: Loaded TargetPlatform 'Android_ASTCClient'
[2020.04.25-20.56.29:150][  0]LogTargetPlatformManager: Display: Loaded TargetPlatform 'Android_ATCClient'
[2020.04.25-20.56.29:150][  0]LogTargetPlatformManager: Display: Loaded TargetPlatform 'Android_DXTClient'
[2020.04.25-20.56.29:150][  0]LogTargetPlatformManager: Display: Loaded TargetPlatform 'Android_ETC1Client'
[2020.04.25-20.56.29:150][  0]LogTargetPlatformManager: Display: Loaded TargetPlatform 'Android_ETC1aClient'
[2020.04.25-20.56.29:150][  0]LogTargetPlatformManager: Display: Loaded TargetPlatform 'Android_ETC2Client'
[2020.04.25-20.56.29:150][  0]LogTargetPlatformManager: Display: Loaded TargetPlatform 'Android_PVRTCClient'
[2020.04.25-20.56.29:150][  0]LogTargetPlatformManager: Display: Loaded TargetPlatform 'Android_Multi'
[2020.04.25-20.56.29:150][  0]LogTargetPlatformManager: Display: Loaded TargetPlatform 'Android_MultiClient'
[2020.04.25-20.56.29:202][  0]LogTargetPlatformManager: Display: Loaded TargetPlatform 'IOSClient'
[2020.04.25-20.56.29:202][  0]LogTargetPlatformManager: Display: Loaded TargetPlatform 'IOS'
[2020.04.25-20.56.29:222][  0]LogTargetPlatformManager: Display: Loaded TargetPlatform 'LinuxNoEditor'
[2020.04.25-20.56.29:241][  0]LogTargetPlatformManager: Display: Loaded TargetPlatform 'LinuxClient'
[2020.04.25-20.56.29:260][  0]LogTargetPlatformManager: Display: Loaded TargetPlatform 'LinuxServer'
[2020.04.25-20.56.29:279][  0]LogTargetPlatformManager: Display: Loaded TargetPlatform 'LinuxAArch64NoEditor'
[2020.04.25-20.56.29:304][  0]LogTargetPlatformManager: Display: Loaded TargetPlatform 'LinuxAArch64Client'
[2020.04.25-20.56.29:326][  0]LogTargetPlatformManager: Display: Loaded TargetPlatform 'LinuxAArch64Server'
[2020.04.25-20.56.29:394][  0]LogTargetPlatformManager: Display: Loaded TargetPlatform 'Lumin'
[2020.04.25-20.56.29:394][  0]LogTargetPlatformManager: Display: Loaded TargetPlatform 'LuminClient'
[2020.04.25-20.56.29:429][  0]LogTargetPlatformManager: Display: Loaded TargetPlatform 'TVOSClient'
[2020.04.25-20.56.29:429][  0]LogTargetPlatformManager: Display: Loaded TargetPlatform 'TVOS'
[2020.04.25-20.56.29:446][  0]LogTargetPlatformManager: Display: Loaded TargetPlatform 'WindowsNoEditor'
[2020.04.25-20.56.29:465][  0]LogTargetPlatformManager: Display: Loaded TargetPlatform 'Windows'
[2020.04.25-20.56.29:482][  0]LogTargetPlatformManager: Display: Loaded TargetPlatform 'WindowsClient'
[2020.04.25-20.56.29:501][  0]LogTargetPlatformManager: Display: Loaded TargetPlatform 'WindowsServer'
[2020.04.25-20.56.29:501][  0]LogTargetPlatformManager: Display: Building Assets For Windows
[2020.04.25-20.56.29:515][  0]LogAudioDebug: Display: Lib vorbis DLL was dynamically loaded.
[2020.04.25-20.56.29:631][  0]LogShaderCompilers: Guid format shader working directory is -48 characters bigger than the processId version (../../../../../../Users/Gabe/Documents/GitHub/Unreal-Fast-Track-2020/Week 1/FirstHourProject/Intermediate/Shaders/WorkingDirectory/31852/).
[2020.04.25-20.56.29:632][  0]LogShaderCompilers: Cleaned the shader compiler working directory 'C:/Users/Gabe/AppData/Local/Temp/UnrealShaderWorkingDir/542055E747BB8785312326BB8D710F02/'.
[2020.04.25-20.56.29:634][  0]LogXGEController: Cannot use XGE Controller as Incredibuild is not installed on this machine.
[2020.04.25-20.56.29:634][  0]LogShaderCompilers: Cannot use XGE Shader Compiler as Incredibuild is not installed on this machine.
[2020.04.25-20.56.29:634][  0]LogShaderCompilers: Display: Using Local Shader Compiler.
[2020.04.25-20.56.30:790][  0]LogDerivedDataCache: Display: Max Cache Size: 512 MB
[2020.04.25-20.56.30:866][  0]LogDerivedDataCache: Loaded boot cache 0.08s 79MB C:/Users/Gabe/AppData/Local/UnrealEngine/4.24/DerivedDataCache/Boot.ddc.
[2020.04.25-20.56.30:866][  0]LogDerivedDataCache: Display: Loaded Boot cache: C:/Users/Gabe/AppData/Local/UnrealEngine/4.24/DerivedDataCache/Boot.ddc
[2020.04.25-20.56.30:866][  0]LogDerivedDataCache: FDerivedDataBackendGraph:  Pak pak cache file ../../../../../../Users/Gabe/Documents/GitHub/Unreal-Fast-Track-2020/Week 1/FirstHourProject/DerivedDataCache/DDC.ddp not found, will not use a pak cache.
[2020.04.25-20.56.30:866][  0]LogDerivedDataCache: Unable to find inner node Pak for hierarchical cache Hierarchy.
[2020.04.25-20.56.30:866][  0]LogDerivedDataCache: FDerivedDataBackendGraph:  CompressedPak pak cache file ../../../../../../Users/Gabe/Documents/GitHub/Unreal-Fast-Track-2020/Week 1/FirstHourProject/DerivedDataCache/Compressed.ddp not found, will not use a pak cache.
[2020.04.25-20.56.30:866][  0]LogDerivedDataCache: Unable to find inner node CompressedPak for hierarchical cache Hierarchy.
[2020.04.25-20.56.30:879][  0]LogDerivedDataCache: Display: Pak cache opened for reading ../../../Engine/DerivedDataCache/Compressed.ddp.
[2020.04.25-20.56.30:879][  0]LogDerivedDataCache: FDerivedDataBackendGraph:  EnterprisePak pak cache file ../../../Enterprise/DerivedDataCache/Compressed.ddp not found, will not use a pak cache.
[2020.04.25-20.56.30:879][  0]LogDerivedDataCache: Unable to find inner node EnterprisePak for hierarchical cache Hierarchy.
[2020.04.25-20.56.30:883][  0]LogDerivedDataCache: Using Local data cache path C:/Users/Gabe/AppData/Local/UnrealEngine/Common/DerivedDataCache: Writable
[2020.04.25-20.56.30:884][  0]LogDerivedDataCache: Shared data cache path not found in *engine.ini, will not use an Shared cache.
[2020.04.25-20.56.30:884][  0]LogDerivedDataCache: Unable to find inner node Shared for hierarchical cache Hierarchy.
[2020.04.25-20.56.30:911][  0]LogMaterial: Verifying Global Shaders for PCD3D_SM5
[2020.04.25-20.56.30:914][  0]LogSlate: Using FreeType 2.10.0
[2020.04.25-20.56.30:917][  0]LogSlate: SlateFontServices - WITH_FREETYPE: 1, WITH_HARFBUZZ: 1
[2020.04.25-20.56.31:059][  0]LogAssetRegistry: FAssetRegistry took 0.0051 seconds to start up
[2020.04.25-20.56.31:500][  0]LogInit: Selected Device Profile: [Windows]
[2020.04.25-20.56.31:824][  0]LogMeshReduction: Using QuadricMeshReduction for automatic static mesh reduction
[2020.04.25-20.56.31:824][  0]LogMeshReduction: Using SimplygonMeshReduction for automatic skeletal mesh reduction
[2020.04.25-20.56.31:824][  0]LogMeshReduction: Using ProxyLODMeshReduction for automatic mesh merging
[2020.04.25-20.56.31:824][  0]LogMeshReduction: No distributed automatic mesh merging module available
[2020.04.25-20.56.31:824][  0]LogMeshMerging: No distributed automatic mesh merging module available
[2020.04.25-20.56.31:985][  0]LogNetVersion: FirstHourProject 1.0.0, NetCL: 10570792, EngineNetVer: 13, GameNetVer: 0 (Checksum: 385880545)
[2020.04.25-20.56.34:039][  0]LogPackageLocalizationCache: Processed 10 localized package path(s) for 1 prioritized culture(s) in 0.118141 seconds
[2020.04.25-20.56.34:051][  0]LogUObjectArray: 46750 objects as part of root set at end of initial load.
[2020.04.25-20.56.34:051][  0]LogUObjectAllocator: 8137160 out of 0 bytes used by permanent object pool.
[2020.04.25-20.56.34:051][  0]LogUObjectArray: CloseDisregardForGC: 0/0 objects in disregard for GC pool
[2020.04.25-20.56.34:795][  0]LogTcpMessaging: Initializing TcpMessaging bridge
[2020.04.25-20.56.34:860][  0]LogUdpMessaging: Initializing bridge on interface 0.0.0.0:0 to multicast group 230.0.0.1:6666.
[2020.04.25-20.56.34:954][  0]SourceControl: Source control is disabled
[2020.04.25-20.56.34:955][  0]SourceControl: Source control is disabled
[2020.04.25-20.56.34:957][  0]SourceControl: Source control is disabled
[2020.04.25-20.56.34:958][  0]SourceControl: Source control is disabled
[2020.04.25-20.56.34:960][  0]SourceControl: Source control is disabled
[2020.04.25-20.56.35:131][  0]LogAndroidPermission: UAndroidPermissionCallbackProxy::GetInstance
[2020.04.25-20.56.35:151][  0]LogAudioCaptureCore: Display: No Audio Capture implementations found. Audio input will be silent.
[2020.04.25-20.56.35:151][  0]LogAudioCaptureCore: Display: No Audio Capture implementations found. Audio input will be silent.
[2020.04.25-20.56.35:277][  0]LogOcInput: OculusInput pre-init called
[2020.04.25-20.56.35:295][  0]LogWindows: Failed to load 'OVRPlugin.dll' (GetLastError=126)
[2020.04.25-20.56.35:295][  0]LogWindows: File 'OVRPlugin.dll' does not exist
[2020.04.25-20.56.35:418][  0]LogEngine: Initializing Engine...
[2020.04.25-20.56.35:508][  0]LogHMD: Failed to initialize OpenVR with code 119
[2020.04.25-20.56.35:509][  0]LogStats: UGameplayTagsManager::InitializeManager -  0.000 s
[2020.04.25-20.56.35:909][  0]LogInit: Initializing FReadOnlyCVARCache
[2020.04.25-20.56.35:920][  0]LogAIModule: Creating AISystem for world Untitled
[2020.04.25-20.56.35:928][  0]LogAudioMixer: Display: Audio Mixer Platform Settings:
[2020.04.25-20.56.35:928][  0]LogAudioMixer: Display: 	Sample Rate:						  48000
[2020.04.25-20.56.35:928][  0]LogAudioMixer: Display: 	Callback Buffer Frame Size Requested: 1024
[2020.04.25-20.56.35:928][  0]LogAudioMixer: Display: 	Callback Buffer Frame Size To Use:	  1024
[2020.04.25-20.56.35:928][  0]LogAudioMixer: Display: 	Number of buffers to queue:			  2
[2020.04.25-20.56.35:928][  0]LogAudioMixer: Display: 	Max Channels (voices):				  32
[2020.04.25-20.56.35:928][  0]LogAudioMixer: Display: 	Number of Async Source Workers:		  0
[2020.04.25-20.56.35:928][  0]LogAudio: Display: AudioDevice MaxSources: 32
[2020.04.25-20.56.35:928][  0]LogAudio: Display: Using built-in audio occlusion.
[2020.04.25-20.56.35:928][  0]LogAudioMixer: Display: Initializing audio mixer.
[2020.04.25-20.56.35:997][  0]LogAudioMixer: Display: Audio Device Output Speaker Info:
[2020.04.25-20.56.35:997][  0]LogAudioMixer: Display: Name: OUT 1-2 (3- BEHRINGER UMC 202HD 192k)
[2020.04.25-20.56.35:997][  0]LogAudioMixer: Display: Is Default: Yes
[2020.04.25-20.56.35:997][  0]LogAudioMixer: Display: Sample Rate: 44100
[2020.04.25-20.56.35:997][  0]LogAudioMixer: Display: Channel Count Used: 2
[2020.04.25-20.56.35:997][  0]LogAudioMixer: Display: Device Channel Count: 2
[2020.04.25-20.56.35:997][  0]LogAudioMixer: Display: Channel Order:
[2020.04.25-20.56.35:997][  0]LogAudioMixer: Display: 0: FrontLeft
[2020.04.25-20.56.35:997][  0]LogAudioMixer: Display: 1: FrontRight
[2020.04.25-20.56.36:031][  0]LogAudioMixer: Display: Using Audio Device OUT 1-2 (3- BEHRINGER UMC 202HD 192k)
[2020.04.25-20.56.36:036][  0]LogInit: FAudioDevice initialized.
[2020.04.25-20.56.36:036][  0]LogNetVersion: Set ProjectVersion to 1.0.0.0. Version Checksum will be recalculated on next use.
[2020.04.25-20.56.36:092][  0]LogDerivedDataCache: Saved boot cache 0.06s 79MB C:/Users/Gabe/AppData/Local/UnrealEngine/4.24/DerivedDataCache/Boot.ddc.
[2020.04.25-20.56.36:100][  0]LogInit: Texture streaming: Enabled
[2020.04.25-20.56.36:122][  0]LogEngineSessionManager: EngineSessionManager initialized
[2020.04.25-20.56.36:122][  0]LogEditorSessionSummary: Verbose: Initializing EditorSessionSummaryWriter for editor session tracking
[2020.04.25-20.56.36:124][  0]LogEditorSessionSummary: EditorSessionSummaryWriter initialized
[2020.04.25-20.56.36:163][  0]LogInit: Transaction tracking system initialized
[2020.04.25-20.56.36:180][  0]BlueprintLog: New page: Editor Load
[2020.04.25-20.56.36:279][  0]LocalizationService: Localization service is disabled
[2020.04.25-20.56.36:861][  0]LogFileCache: Scanning file cache for directory 'C:/Users/Gabe/Documents/GitHub/Unreal-Fast-Track-2020/Week 1/FirstHourProject/Content/' took 0.01s
[2020.04.25-20.56.36:861][  0]LogCook: Display: Max memory allowance for cook 16384mb min free memory 0mb
[2020.04.25-20.56.36:861][  0]LogCook: Display: Mobile HDR setting 1
[2020.04.25-20.56.37:877][  0]SourceControl: Source control is disabled
[2020.04.25-20.56.37:878][  0]LightingResults: New page: Lighting Build
[2020.04.25-20.56.37:880][  0]LogWorld: UWorld::CleanupWorld for Untitled, bSessionEnded=true, bCleanupResources=true
[2020.04.25-20.56.37:880][  0]LogSlate: InvalidateAllWidgets triggered.  All widgets were invalidated
[2020.04.25-20.56.37:880][  0]MapCheck: New page: Map Check
[2020.04.25-20.56.37:880][  0]LightingResults: New page: Lighting Build
[2020.04.25-20.56.37:908][  0]LogUObjectHash: Compacting FUObjectHashTables data took   1.63ms
[2020.04.25-20.56.38:347][  0]LogAIModule: Creating AISystem for world ThirdPersonExampleMap
[2020.04.25-20.56.38:385][  0]LogEditorServer: Finished looking for orphan Actors (0.000 secs)
[2020.04.25-20.56.38:417][  0]LogUObjectHash: Compacting FUObjectHashTables data took   2.84ms
[2020.04.25-20.56.38:417][  0]Cmd: MAP CHECKDEP NOCLEARLOG
[2020.04.25-20.56.38:418][  0]MapCheck: Map check complete: 0 Error(s), 0 Warning(s), took 0.535ms to complete.
[2020.04.25-20.56.38:418][  0]LogFileHelpers: Loading map 'ThirdPersonExampleMap' took 0.540
[2020.04.25-20.56.38:683][  0]LogSlate: Updating window title bar state: overlay mode, drag disabled, window buttons hidden, title bar hidden
[2020.04.25-20.56.38:691][  0]LogSlate: Updating window title bar state: overlay mode, drag disabled, window buttons hidden, title bar hidden
[2020.04.25-20.56.38:697][  0]LogSlate: Updating window title bar state: overlay mode, drag disabled, window buttons hidden, title bar hidden
[2020.04.25-20.56.38:703][  0]LogSlate: Updating window title bar state: overlay mode, drag disabled, window buttons hidden, title bar hidden
[2020.04.25-20.56.38:730][  0]LogCollectionManager: Loaded 0 collections in 0.003608 seconds
[2020.04.25-20.56.38:774][  0]LogFileCache: Scanning file cache for directory 'C:/Users/Gabe/Documents/GitHub/Unreal-Fast-Track-2020/Week 1/FirstHourProject/Saved/Collections/' took 0.00s
[2020.04.25-20.56.38:774][  0]LogFileCache: Scanning file cache for directory 'C:/Users/Gabe/Documents/GitHub/Unreal-Fast-Track-2020/Week 1/FirstHourProject/Content/Developers/Gabe/Collections/' took 0.00s
[2020.04.25-20.56.38:774][  0]LogFileCache: Scanning file cache for directory 'C:/Users/Gabe/Documents/GitHub/Unreal-Fast-Track-2020/Week 1/FirstHourProject/Content/Collections/' took 0.00s
[2020.04.25-20.56.38:774][  0]LogContentBrowser: Native class hierarchy populated in 0.0089 seconds. Added 3015 classes and 717 folders.
[2020.04.25-20.56.38:785][  0]LogContentBrowser: Native class hierarchy updated for 'WidgetCarousel' in 0.0003 seconds. Added 0 classes and 0 folders.
[2020.04.25-20.56.38:973][  0]LogContentBrowser: Native class hierarchy updated for 'AddContentDialog' in 0.0003 seconds. Added 0 classes and 0 folders.
[2020.04.25-20.56.38:986][  0]LogContentBrowser: Native class hierarchy updated for 'SceneOutliner' in 0.0004 seconds. Added 2 classes and 3 folders.
[2020.04.25-20.56.39:084][  0]LogSlate: Took 0.000609 seconds to synchronously load lazily loaded font '../../../Engine/Content/Slate/Fonts/Roboto-Regular.ttf' (155K)
[2020.04.25-20.56.39:087][  0]LogSlate: Took 0.000506 seconds to synchronously load lazily loaded font '../../../Engine/Content/Slate/Fonts/Roboto-Bold.ttf' (160K)
[2020.04.25-20.56.39:102][  0]LogSlate: Took 0.009507 seconds to synchronously load lazily loaded font '../../../Engine/Content/Editor/Slate/Fonts/FontAwesome.ttf' (139K)
[2020.04.25-20.56.39:311][  0]LogRenderer: Reallocating scene render targets to support 1616x836 Format 10 NumSamples 1 (Frame:1).
[2020.04.25-20.56.39:515][  0]LogSlate: Window 'Tutorials' being destroyed
[2020.04.25-20.56.39:526][  0]LogContentBrowser: Native class hierarchy updated for 'HierarchicalLODOutliner' in 0.0004 seconds. Added 0 classes and 0 folders.
[2020.04.25-20.56.39:526][  0]LogLoad: (Engine Initialization) Total time: 22.68 seconds
[2020.04.25-20.56.39:526][  0]LogLoad: (Engine Initialization) Total Blueprint compile time: 0.00 seconds
[2020.04.25-20.56.39:606][  0]LogContentStreaming: Texture pool size now 1000 MB
[2020.04.25-20.56.39:665][  1]LogAssetRegistry: Asset discovery search completed in 8.6082 seconds
[2020.04.25-20.56.39:668][  1]LogCollectionManager: Fixed up redirectors for 0 collections in 0.000011 seconds (updated 0 objects)
[2020.04.25-21.00.43:647][241]LogEditorViewport: Clicking on Actor (LMB): TextRenderActor (TextRenderActor)
[2020.04.25-21.00.43:759][241]LogEditorViewport: Clicking on Component (LMB): TextRenderComponent (NewTextRenderComponent)
[2020.04.25-21.00.44:779][348]LogEditorViewport: Clicking on Actor (LMB): StaticMeshActor (Floor)
[2020.04.25-21.00.45:443][416]LogEditorViewport: Clicking on Actor (LMB): DocumentationActor (DocumentationActor1)
[2020.04.25-21.00.47:760][688]LogEditorViewport: Clicking on Actor (LMB): ThirdPersonCharacter_C (ThirdPersonCharacter)
[2020.04.25-21.00.47:832][688]LogEditorViewport: Clicking on Component (LMB): CameraComponent (FollowCamera)
[2020.04.25-21.00.49:220][841]LogEditorViewport: Clicking on Actor (LMB): StaticMeshActor (Floor)
[2020.04.25-21.00.49:838][907]LogEditorViewport: Clicking on Actor (LMB): StaticMeshActor (Floor)
[2020.04.25-21.00.49:853][907]LogEditorViewport: Clicking on Component (LMB): StaticMeshComponent (StaticMeshComponent0)
[2020.04.25-21.00.50:821][ 20]LogEditorViewport: Clicking on Actor (LMB): ThirdPersonCharacter_C (ThirdPersonCharacter)
[2020.04.25-21.00.53:975][376]LogEditorViewport: Clicking on Actor (LMB): StaticMeshActor (Floor)
[2020.04.25-21.01.06:553][847]LogEditorViewport: Clicking on Actor (LMB): ThirdPersonCharacter_C (ThirdPersonCharacter)
[2020.04.25-21.01.08:061][  7]Cmd: CAMERA ALIGN ACTIVEVIEWPORTONLY
[2020.04.25-21.01.16:414][955]Cmd: POLY SELECT ALL
[2020.04.25-21.01.23:296][779]LogBlueprintUserMessages: Early PlayInEditor Detection: Level '/Game/ThirdPersonBP/Maps/ThirdPersonExampleMap.ThirdPersonExampleMap:PersistentLevel' has LevelScriptBlueprint '/Game/ThirdPersonBP/Maps/ThirdPersonExampleMap.ThirdPersonExampleMap:PersistentLevel.ThirdPersonExampleMap' with GeneratedClass '/Game/ThirdPersonBP/Maps/ThirdPersonExampleMap.ThirdPersonExampleMap_C' with ClassGeneratedBy '/Game/ThirdPersonBP/Maps/ThirdPersonExampleMap.ThirdPersonExampleMap:PersistentLevel.ThirdPersonExampleMap'
[2020.04.25-21.01.23:298][779]LogPlayLevel: PlayLevel: No blueprints needed recompiling
[2020.04.25-21.01.23:309][779]PIE: New page: SIE session: ThirdPersonExampleMap (25 Apr 2020, 07:01:23)
[2020.04.25-21.01.23:311][779]LogOnline: OSS: Creating online subsystem instance for: NULL
[2020.04.25-21.01.23:312][779]LogOnline: OSS: TryLoadSubsystemAndSetDefault: Loaded subsystem for module [NULL]
[2020.04.25-21.01.23:314][779]LogPlayLevel: Creating play world package: /Game/ThirdPersonBP/Maps/UEDPIE_0_ThirdPersonExampleMap
[2020.04.25-21.01.23:330][779]LogPlayLevel: PIE: StaticDuplicateObject took: (0.016540s)
[2020.04.25-21.01.23:332][779]LogAIModule: Creating AISystem for world ThirdPersonExampleMap
[2020.04.25-21.01.23:333][779]LogPlayLevel: PIE: World Init took: (0.002066s)
[2020.04.25-21.01.23:333][779]LogPlayLevel: PIE: Created PIE world by copying editor world from /Game/ThirdPersonBP/Maps/ThirdPersonExampleMap.ThirdPersonExampleMap to /Game/ThirdPersonBP/Maps/UEDPIE_0_ThirdPersonExampleMap.ThirdPersonExampleMap (0.019449s)
[2020.04.25-21.01.23:363][779]LogUObjectHash: Compacting FUObjectHashTables data took   1.50ms
[2020.04.25-21.01.23:366][779]LogAudioMixer: Display: Audio Mixer Platform Settings:
[2020.04.25-21.01.23:366][779]LogAudioMixer: Display: 	Sample Rate:						  48000
[2020.04.25-21.01.23:366][779]LogAudioMixer: Display: 	Callback Buffer Frame Size Requested: 1024
[2020.04.25-21.01.23:366][779]LogAudioMixer: Display: 	Callback Buffer Frame Size To Use:	  1024
[2020.04.25-21.01.23:366][779]LogAudioMixer: Display: 	Number of buffers to queue:			  2
[2020.04.25-21.01.23:366][779]LogAudioMixer: Display: 	Max Channels (voices):				  32
[2020.04.25-21.01.23:366][779]LogAudioMixer: Display: 	Number of Async Source Workers:		  0
[2020.04.25-21.01.23:366][779]LogAudio: Display: AudioDevice MaxSources: 32
[2020.04.25-21.01.23:366][779]LogAudio: Display: Using built-in audio occlusion.
[2020.04.25-21.01.23:366][779]LogAudioMixer: Display: Initializing audio mixer.
[2020.04.25-21.01.23:420][779]LogAudioMixer: Display: Audio Device Output Speaker Info:
[2020.04.25-21.01.23:420][779]LogAudioMixer: Display: Name: OUT 1-2 (3- BEHRINGER UMC 202HD 192k)
[2020.04.25-21.01.23:420][779]LogAudioMixer: Display: Is Default: Yes
[2020.04.25-21.01.23:420][779]LogAudioMixer: Display: Sample Rate: 44100
[2020.04.25-21.01.23:420][779]LogAudioMixer: Display: Channel Count Used: 2
[2020.04.25-21.01.23:420][779]LogAudioMixer: Display: Device Channel Count: 2
[2020.04.25-21.01.23:420][779]LogAudioMixer: Display: Channel Order:
[2020.04.25-21.01.23:420][779]LogAudioMixer: Display: 0: FrontLeft
[2020.04.25-21.01.23:420][779]LogAudioMixer: Display: 1: FrontRight
[2020.04.25-21.01.23:439][779]LogAudioMixer: Display: Using Audio Device OUT 1-2 (3- BEHRINGER UMC 202HD 192k)
[2020.04.25-21.01.23:440][779]LogInit: FAudioDevice initialized.
[2020.04.25-21.01.23:488][779]LogLoad: Game class is 'ThirdPersonGameMode_C'
[2020.04.25-21.01.23:498][779]LogWorld: Bringing World /Game/ThirdPersonBP/Maps/UEDPIE_0_ThirdPersonExampleMap.ThirdPersonExampleMap up for play (max tick rate 0) at 2020.04.25-14.01.23
[2020.04.25-21.01.23:500][779]LogWorld: Bringing up level for play took: 0.003428
[2020.04.25-21.01.23:500][779]LogOnline: OSS: Creating online subsystem instance for: :Context_4
[2020.04.25-21.01.23:521][779]LogContentBrowser: Native class hierarchy updated for 'MovieSceneCapture' in 0.0004 seconds. Added 20 classes and 0 folders.
[2020.04.25-21.01.23:524][779]PIE: Play in editor start time for /Game/ThirdPersonBP/Maps/UEDPIE_0_ThirdPersonExampleMap -0.083
[2020.04.25-21.01.23:526][779]LogBlueprintUserMessages: Late PlayInEditor Detection: Level '/Game/ThirdPersonBP/Maps/ThirdPersonExampleMap.ThirdPersonExampleMap:PersistentLevel' has LevelScriptBlueprint '/Game/ThirdPersonBP/Maps/ThirdPersonExampleMap.ThirdPersonExampleMap:PersistentLevel.ThirdPersonExampleMap' with GeneratedClass '/Game/ThirdPersonBP/Maps/ThirdPersonExampleMap.ThirdPersonExampleMap_C' with ClassGeneratedBy '/Game/ThirdPersonBP/Maps/ThirdPersonExampleMap.ThirdPersonExampleMap:PersistentLevel.ThirdPersonExampleMap'
[2020.04.25-21.01.24:478][890]LogEditorViewport: Clicking on Actor (context menu): StaticMeshActor (Floor)
[2020.04.25-21.01.25:281][960]LogEditorViewport: Clicking on Actor (context menu): StaticMeshActor (Floor)
[2020.04.25-21.01.28:505][309]LogEditorViewport: Clicking on Actor (LMB): StaticMeshActor (Floor)
[2020.04.25-21.01.28:600][317]Cmd: CAMERA ALIGN ACTIVEVIEWPORTONLY
[2020.04.25-21.01.34:246][891]Cmd: CAMERA ALIGN ACTIVEVIEWPORTONLY
[2020.04.25-21.01.37:044][137]LogSlate: Took 0.009521 seconds to synchronously load lazily loaded font '../../../Engine/Content/Slate/Fonts/DroidSansMono.ttf' (77K)
[2020.04.25-21.01.40:057][440]LogEditorViewport: Clicking on Actor (LMB): ThirdPersonCharacter_C (ThirdPersonCharacter)
[2020.04.25-21.01.40:570][483]Cmd: CAMERA ALIGN ACTIVEVIEWPORTONLY
[2020.04.25-21.01.47:626][219]LogEditorViewport: Clicking on Actor (LMB): StaticMeshActor (Floor)
[2020.04.25-21.01.49:410][399]Cmd: CAMERA ALIGN ACTIVEVIEWPORTONLY
[2020.04.25-21.01.50:429][484]LogEditorViewport: Clicking on Actor (LMB): StaticMeshActor (CubeMesh)
[2020.04.25-21.01.50:671][506]Cmd: CAMERA ALIGN ACTIVEVIEWPORTONLY
[2020.04.25-21.01.53:615][834]LogSlate: Took 0.008759 seconds to synchronously load lazily loaded font '../../../Engine/Content/Slate/Fonts/Roboto-Italic.ttf' (157K)
[2020.04.25-21.02.01:496][573]PIE: Warning: Mobility of /Game/ThirdPersonBP/Maps/UEDPIE_0_ThirdPersonExampleMap.ThirdPersonExampleMap:PersistentLevel.CubeMesh_5 : StaticMeshComponent0 has to be 'Movable' if you'd like to move. 
[2020.04.25-21.02.01:496][573]PIE: Warning: Mobility of /Game/ThirdPersonBP/Maps/UEDPIE_0_ThirdPersonExampleMap.ThirdPersonExampleMap:PersistentLevel.CubeMesh_5 : StaticMeshComponent0 has to be 'Movable' if you'd like to move. 
[2020.04.25-21.02.01:523][576]PIE: Warning: Mobility of /Game/ThirdPersonBP/Maps/UEDPIE_0_ThirdPersonExampleMap.ThirdPersonExampleMap:PersistentLevel.CubeMesh_5 : StaticMeshComponent0 has to be 'Movable' if you'd like to move. 
[2020.04.25-21.02.01:523][576]PIE: Warning: Mobility of /Game/ThirdPersonBP/Maps/UEDPIE_0_ThirdPersonExampleMap.ThirdPersonExampleMap:PersistentLevel.CubeMesh_5 : StaticMeshComponent0 has to be 'Movable' if you'd like to move. 
[2020.04.25-21.02.01:548][579]PIE: Warning: Mobility of /Game/ThirdPersonBP/Maps/UEDPIE_0_ThirdPersonExampleMap.ThirdPersonExampleMap:PersistentLevel.CubeMesh_5 : StaticMeshComponent0 has to be 'Movable' if you'd like to move. 
[2020.04.25-21.02.01:548][579]PIE: Warning: Mobility of /Game/ThirdPersonBP/Maps/UEDPIE_0_ThirdPersonExampleMap.ThirdPersonExampleMap:PersistentLevel.CubeMesh_5 : StaticMeshComponent0 has to be 'Movable' if you'd like to move. 
[2020.04.25-21.02.01:825][612]PIE: Warning: Mobility of /Game/ThirdPersonBP/Maps/UEDPIE_0_ThirdPersonExampleMap.ThirdPersonExampleMap:PersistentLevel.CubeMesh_5 : StaticMeshComponent0 has to be 'Movable' if you'd like to move. 
[2020.04.25-21.02.01:825][612]PIE: Warning: Mobility of /Game/ThirdPersonBP/Maps/UEDPIE_0_ThirdPersonExampleMap.ThirdPersonExampleMap:PersistentLevel.CubeMesh_5 : StaticMeshComponent0 has to be 'Movable' if you'd like to move. 
[2020.04.25-21.02.02:241][662]PIE: Warning: Mobility of /Game/ThirdPersonBP/Maps/UEDPIE_0_ThirdPersonExampleMap.ThirdPersonExampleMap:PersistentLevel.CubeMesh_5 : StaticMeshComponent0 has to be 'Movable' if you'd like to move. 
[2020.04.25-21.02.02:241][662]PIE: Warning: Mobility of /Game/ThirdPersonBP/Maps/UEDPIE_0_ThirdPersonExampleMap.ThirdPersonExampleMap:PersistentLevel.CubeMesh_5 : StaticMeshComponent0 has to be 'Movable' if you'd like to move. 
[2020.04.25-21.02.02:274][666]PIE: Warning: Mobility of /Game/ThirdPersonBP/Maps/UEDPIE_0_ThirdPersonExampleMap.ThirdPersonExampleMap:PersistentLevel.CubeMesh_5 : StaticMeshComponent0 has to be 'Movable' if you'd like to move. 
[2020.04.25-21.02.02:274][666]PIE: Warning: Mobility of /Game/ThirdPersonBP/Maps/UEDPIE_0_ThirdPersonExampleMap.ThirdPersonExampleMap:PersistentLevel.CubeMesh_5 : StaticMeshComponent0 has to be 'Movable' if you'd like to move. 
[2020.04.25-21.02.02:291][668]PIE: Warning: Mobility of /Game/ThirdPersonBP/Maps/UEDPIE_0_ThirdPersonExampleMap.ThirdPersonExampleMap:PersistentLevel.CubeMesh_5 : StaticMeshComponent0 has to be 'Movable' if you'd like to move. 
[2020.04.25-21.02.02:291][668]PIE: Warning: Mobility of /Game/ThirdPersonBP/Maps/UEDPIE_0_ThirdPersonExampleMap.ThirdPersonExampleMap:PersistentLevel.CubeMesh_5 : StaticMeshComponent0 has to be 'Movable' if you'd like to move. 
[2020.04.25-21.02.02:308][670]PIE: Warning: Mobility of /Game/ThirdPersonBP/Maps/UEDPIE_0_ThirdPersonExampleMap.ThirdPersonExampleMap:PersistentLevel.CubeMesh_5 : StaticMeshComponent0 has to be 'Movable' if you'd like to move. 
[2020.04.25-21.02.02:308][670]PIE: Warning: Mobility of /Game/ThirdPersonBP/Maps/UEDPIE_0_ThirdPersonExampleMap.ThirdPersonExampleMap:PersistentLevel.CubeMesh_5 : StaticMeshComponent0 has to be 'Movable' if you'd like to move. 
[2020.04.25-21.02.02:325][672]PIE: Warning: Mobility of /Game/ThirdPersonBP/Maps/UEDPIE_0_ThirdPersonExampleMap.ThirdPersonExampleMap:PersistentLevel.CubeMesh_5 : StaticMeshComponent0 has to be 'Movable' if you'd like to move. 
[2020.04.25-21.02.02:325][672]PIE: Warning: Mobility of /Game/ThirdPersonBP/Maps/UEDPIE_0_ThirdPersonExampleMap.ThirdPersonExampleMap:PersistentLevel.CubeMesh_5 : StaticMeshComponent0 has to be 'Movable' if you'd like to move. 
[2020.04.25-21.02.02:333][673]PIE: Warning: Mobility of /Game/ThirdPersonBP/Maps/UEDPIE_0_ThirdPersonExampleMap.ThirdPersonExampleMap:PersistentLevel.CubeMesh_5 : StaticMeshComponent0 has to be 'Movable' if you'd like to move. 
[2020.04.25-21.02.02:333][673]PIE: Warning: Mobility of /Game/ThirdPersonBP/Maps/UEDPIE_0_ThirdPersonExampleMap.ThirdPersonExampleMap:PersistentLevel.CubeMesh_5 : StaticMeshComponent0 has to be 'Movable' if you'd like to move. 
[2020.04.25-21.02.02:349][675]PIE: Warning: Mobility of /Game/ThirdPersonBP/Maps/UEDPIE_0_ThirdPersonExampleMap.ThirdPersonExampleMap:PersistentLevel.CubeMesh_5 : StaticMeshComponent0 has to be 'Movable' if you'd like to move. 
[2020.04.25-21.02.02:349][675]PIE: Warning: Mobility of /Game/ThirdPersonBP/Maps/UEDPIE_0_ThirdPersonExampleMap.ThirdPersonExampleMap:PersistentLevel.CubeMesh_5 : StaticMeshComponent0 has to be 'Movable' if you'd like to move. 
[2020.04.25-21.02.02:383][679]PIE: Warning: Mobility of /Game/ThirdPersonBP/Maps/UEDPIE_0_ThirdPersonExampleMap.ThirdPersonExampleMap:PersistentLevel.CubeMesh_5 : StaticMeshComponent0 has to be 'Movable' if you'd like to move. 
[2020.04.25-21.02.02:383][679]PIE: Warning: Mobility of /Game/ThirdPersonBP/Maps/UEDPIE_0_ThirdPersonExampleMap.ThirdPersonExampleMap:PersistentLevel.CubeMesh_5 : StaticMeshComponent0 has to be 'Movable' if you'd like to move. 
[2020.04.25-21.02.02:466][689]PIE: Warning: Mobility of /Game/ThirdPersonBP/Maps/UEDPIE_0_ThirdPersonExampleMap.ThirdPersonExampleMap:PersistentLevel.CubeMesh_5 : StaticMeshComponent0 has to be 'Movable' if you'd like to move. 
[2020.04.25-21.02.02:466][689]PIE: Warning: Mobility of /Game/ThirdPersonBP/Maps/UEDPIE_0_ThirdPersonExampleMap.ThirdPersonExampleMap:PersistentLevel.CubeMesh_5 : StaticMeshComponent0 has to be 'Movable' if you'd like to move. 
[2020.04.25-21.02.02:533][697]PIE: Warning: Mobility of /Game/ThirdPersonBP/Maps/UEDPIE_0_ThirdPersonExampleMap.ThirdPersonExampleMap:PersistentLevel.CubeMesh_5 : StaticMeshComponent0 has to be 'Movable' if you'd like to move. 
[2020.04.25-21.02.02:533][697]PIE: Warning: Mobility of /Game/ThirdPersonBP/Maps/UEDPIE_0_ThirdPersonExampleMap.ThirdPersonExampleMap:PersistentLevel.CubeMesh_5 : StaticMeshComponent0 has to be 'Movable' if you'd like to move. 
[2020.04.25-21.02.02:557][700]PIE: Warning: Mobility of /Game/ThirdPersonBP/Maps/UEDPIE_0_ThirdPersonExampleMap.ThirdPersonExampleMap:PersistentLevel.CubeMesh_5 : StaticMeshComponent0 has to be 'Movable' if you'd like to move. 
[2020.04.25-21.02.02:557][700]PIE: Warning: Mobility of /Game/ThirdPersonBP/Maps/UEDPIE_0_ThirdPersonExampleMap.ThirdPersonExampleMap:PersistentLevel.CubeMesh_5 : StaticMeshComponent0 has to be 'Movable' if you'd like to move. 
[2020.04.25-21.02.02:583][703]PIE: Warning: Mobility of /Game/ThirdPersonBP/Maps/UEDPIE_0_ThirdPersonExampleMap.ThirdPersonExampleMap:PersistentLevel.CubeMesh_5 : StaticMeshComponent0 has to be 'Movable' if you'd like to move. 
[2020.04.25-21.02.02:583][703]PIE: Warning: Mobility of /Game/ThirdPersonBP/Maps/UEDPIE_0_ThirdPersonExampleMap.ThirdPersonExampleMap:PersistentLevel.CubeMesh_5 : StaticMeshComponent0 has to be 'Movable' if you'd like to move. 
[2020.04.25-21.02.02:600][705]PIE: Warning: Mobility of /Game/ThirdPersonBP/Maps/UEDPIE_0_ThirdPersonExampleMap.ThirdPersonExampleMap:PersistentLevel.CubeMesh_5 : StaticMeshComponent0 has to be 'Movable' if you'd like to move. 
[2020.04.25-21.02.02:600][705]PIE: Warning: Mobility of /Game/ThirdPersonBP/Maps/UEDPIE_0_ThirdPersonExampleMap.ThirdPersonExampleMap:PersistentLevel.CubeMesh_5 : StaticMeshComponent0 has to be 'Movable' if you'd like to move. 
[2020.04.25-21.02.02:616][707]PIE: Warning: Mobility of /Game/ThirdPersonBP/Maps/UEDPIE_0_ThirdPersonExampleMap.ThirdPersonExampleMap:PersistentLevel.CubeMesh_5 : StaticMeshComponent0 has to be 'Movable' if you'd like to move. 
[2020.04.25-21.02.02:616][707]PIE: Warning: Mobility of /Game/ThirdPersonBP/Maps/UEDPIE_0_ThirdPersonExampleMap.ThirdPersonExampleMap:PersistentLevel.CubeMesh_5 : StaticMeshComponent0 has to be 'Movable' if you'd like to move. 
[2020.04.25-21.02.02:641][710]PIE: Warning: Mobility of /Game/ThirdPersonBP/Maps/UEDPIE_0_ThirdPersonExampleMap.ThirdPersonExampleMap:PersistentLevel.CubeMesh_5 : StaticMeshComponent0 has to be 'Movable' if you'd like to move. 
[2020.04.25-21.02.02:641][710]PIE: Warning: Mobility of /Game/ThirdPersonBP/Maps/UEDPIE_0_ThirdPersonExampleMap.ThirdPersonExampleMap:PersistentLevel.CubeMesh_5 : StaticMeshComponent0 has to be 'Movable' if you'd like to move. 
[2020.04.25-21.02.02:657][712]PIE: Warning: Mobility of /Game/ThirdPersonBP/Maps/UEDPIE_0_ThirdPersonExampleMap.ThirdPersonExampleMap:PersistentLevel.CubeMesh_5 : StaticMeshComponent0 has to be 'Movable' if you'd like to move. 
[2020.04.25-21.02.02:657][712]PIE: Warning: Mobility of /Game/ThirdPersonBP/Maps/UEDPIE_0_ThirdPersonExampleMap.ThirdPersonExampleMap:PersistentLevel.CubeMesh_5 : StaticMeshComponent0 has to be 'Movable' if you'd like to move. 
[2020.04.25-21.02.02:682][715]PIE: Warning: Mobility of /Game/ThirdPersonBP/Maps/UEDPIE_0_ThirdPersonExampleMap.ThirdPersonExampleMap:PersistentLevel.CubeMesh_5 : StaticMeshComponent0 has to be 'Movable' if you'd like to move. 
[2020.04.25-21.02.02:683][715]PIE: Warning: Mobility of /Game/ThirdPersonBP/Maps/UEDPIE_0_ThirdPersonExampleMap.ThirdPersonExampleMap:PersistentLevel.CubeMesh_5 : StaticMeshComponent0 has to be 'Movable' if you'd like to move. 
[2020.04.25-21.02.02:699][717]PIE: Warning: Mobility of /Game/ThirdPersonBP/Maps/UEDPIE_0_ThirdPersonExampleMap.ThirdPersonExampleMap:PersistentLevel.CubeMesh_5 : StaticMeshComponent0 has to be 'Movable' if you'd like to move. 
[2020.04.25-21.02.02:699][717]PIE: Warning: Mobility of /Game/ThirdPersonBP/Maps/UEDPIE_0_ThirdPersonExampleMap.ThirdPersonExampleMap:PersistentLevel.CubeMesh_5 : StaticMeshComponent0 has to be 'Movable' if you'd like to move. 
[2020.04.25-21.02.02:708][718]PIE: Warning: Mobility of /Game/ThirdPersonBP/Maps/UEDPIE_0_ThirdPersonExampleMap.ThirdPersonExampleMap:PersistentLevel.CubeMesh_5 : StaticMeshComponent0 has to be 'Movable' if you'd like to move. 
[2020.04.25-21.02.02:708][718]PIE: Warning: Mobility of /Game/ThirdPersonBP/Maps/UEDPIE_0_ThirdPersonExampleMap.ThirdPersonExampleMap:PersistentLevel.CubeMesh_5 : StaticMeshComponent0 has to be 'Movable' if you'd like to move. 
[2020.04.25-21.02.02:716][719]PIE: Warning: Mobility of /Game/ThirdPersonBP/Maps/UEDPIE_0_ThirdPersonExampleMap.ThirdPersonExampleMap:PersistentLevel.CubeMesh_5 : StaticMeshComponent0 has to be 'Movable' if you'd like to move. 
[2020.04.25-21.02.02:716][719]PIE: Warning: Mobility of /Game/ThirdPersonBP/Maps/UEDPIE_0_ThirdPersonExampleMap.ThirdPersonExampleMap:PersistentLevel.CubeMesh_5 : StaticMeshComponent0 has to be 'Movable' if you'd like to move. 
[2020.04.25-21.02.02:724][720]PIE: Warning: Mobility of /Game/ThirdPersonBP/Maps/UEDPIE_0_ThirdPersonExampleMap.ThirdPersonExampleMap:PersistentLevel.CubeMesh_5 : StaticMeshComponent0 has to be 'Movable' if you'd like to move. 
[2020.04.25-21.02.02:724][720]PIE: Warning: Mobility of /Game/ThirdPersonBP/Maps/UEDPIE_0_ThirdPersonExampleMap.ThirdPersonExampleMap:PersistentLevel.CubeMesh_5 : StaticMeshComponent0 has to be 'Movable' if you'd like to move. 
[2020.04.25-21.02.02:741][722]PIE: Warning: Mobility of /Game/ThirdPersonBP/Maps/UEDPIE_0_ThirdPersonExampleMap.ThirdPersonExampleMap:PersistentLevel.CubeMesh_5 : StaticMeshComponent0 has to be 'Movable' if you'd like to move. 
[2020.04.25-21.02.02:741][722]PIE: Warning: Mobility of /Game/ThirdPersonBP/Maps/UEDPIE_0_ThirdPersonExampleMap.ThirdPersonExampleMap:PersistentLevel.CubeMesh_5 : StaticMeshComponent0 has to be 'Movable' if you'd like to move. 
[2020.04.25-21.02.02:749][723]PIE: Warning: Mobility of /Game/ThirdPersonBP/Maps/UEDPIE_0_ThirdPersonExampleMap.ThirdPersonExampleMap:PersistentLevel.CubeMesh_5 : StaticMeshComponent0 has to be 'Movable' if you'd like to move. 
[2020.04.25-21.02.02:749][723]PIE: Warning: Mobility of /Game/ThirdPersonBP/Maps/UEDPIE_0_ThirdPersonExampleMap.ThirdPersonExampleMap:PersistentLevel.CubeMesh_5 : StaticMeshComponent0 has to be 'Movable' if you'd like to move. 
[2020.04.25-21.02.02:766][725]PIE: Warning: Mobility of /Game/ThirdPersonBP/Maps/UEDPIE_0_ThirdPersonExampleMap.ThirdPersonExampleMap:PersistentLevel.CubeMesh_5 : StaticMeshComponent0 has to be 'Movable' if you'd like to move. 
[2020.04.25-21.02.02:766][725]PIE: Warning: Mobility of /Game/ThirdPersonBP/Maps/UEDPIE_0_ThirdPersonExampleMap.ThirdPersonExampleMap:PersistentLevel.CubeMesh_5 : StaticMeshComponent0 has to be 'Movable' if you'd like to move. 
[2020.04.25-21.02.02:774][726]PIE: Warning: Mobility of /Game/ThirdPersonBP/Maps/UEDPIE_0_ThirdPersonExampleMap.ThirdPersonExampleMap:PersistentLevel.CubeMesh_5 : StaticMeshComponent0 has to be 'Movable' if you'd like to move. 
[2020.04.25-21.02.02:774][726]PIE: Warning: Mobility of /Game/ThirdPersonBP/Maps/UEDPIE_0_ThirdPersonExampleMap.ThirdPersonExampleMap:PersistentLevel.CubeMesh_5 : StaticMeshComponent0 has to be 'Movable' if you'd like to move. 
[2020.04.25-21.02.02:791][728]PIE: Warning: Mobility of /Game/ThirdPersonBP/Maps/UEDPIE_0_ThirdPersonExampleMap.ThirdPersonExampleMap:PersistentLevel.CubeMesh_5 : StaticMeshComponent0 has to be 'Movable' if you'd like to move. 
[2020.04.25-21.02.02:791][728]PIE: Warning: Mobility of /Game/ThirdPersonBP/Maps/UEDPIE_0_ThirdPersonExampleMap.ThirdPersonExampleMap:PersistentLevel.CubeMesh_5 : StaticMeshComponent0 has to be 'Movable' if you'd like to move. 
[2020.04.25-21.02.02:807][730]PIE: Warning: Mobility of /Game/ThirdPersonBP/Maps/UEDPIE_0_ThirdPersonExampleMap.ThirdPersonExampleMap:PersistentLevel.CubeMesh_5 : StaticMeshComponent0 has to be 'Movable' if you'd like to move. 
[2020.04.25-21.02.02:807][730]PIE: Warning: Mobility of /Game/ThirdPersonBP/Maps/UEDPIE_0_ThirdPersonExampleMap.ThirdPersonExampleMap:PersistentLevel.CubeMesh_5 : StaticMeshComponent0 has to be 'Movable' if you'd like to move. 
[2020.04.25-21.02.02:833][733]PIE: Warning: Mobility of /Game/ThirdPersonBP/Maps/UEDPIE_0_ThirdPersonExampleMap.ThirdPersonExampleMap:PersistentLevel.CubeMesh_5 : StaticMeshComponent0 has to be 'Movable' if you'd like to move. 
[2020.04.25-21.02.02:833][733]PIE: Warning: Mobility of /Game/ThirdPersonBP/Maps/UEDPIE_0_ThirdPersonExampleMap.ThirdPersonExampleMap:PersistentLevel.CubeMesh_5 : StaticMeshComponent0 has to be 'Movable' if you'd like to move. 
[2020.04.25-21.02.02:849][735]PIE: Warning: Mobility of /Game/ThirdPersonBP/Maps/UEDPIE_0_ThirdPersonExampleMap.ThirdPersonExampleMap:PersistentLevel.CubeMesh_5 : StaticMeshComponent0 has to be 'Movable' if you'd like to move. 
[2020.04.25-21.02.02:849][735]PIE: Warning: Mobility of /Game/ThirdPersonBP/Maps/UEDPIE_0_ThirdPersonExampleMap.ThirdPersonExampleMap:PersistentLevel.CubeMesh_5 : StaticMeshComponent0 has to be 'Movable' if you'd like to move. 
[2020.04.25-21.02.02:866][737]PIE: Warning: Mobility of /Game/ThirdPersonBP/Maps/UEDPIE_0_ThirdPersonExampleMap.ThirdPersonExampleMap:PersistentLevel.CubeMesh_5 : StaticMeshComponent0 has to be 'Movable' if you'd like to move. 
[2020.04.25-21.02.02:866][737]PIE: Warning: Mobility of /Game/ThirdPersonBP/Maps/UEDPIE_0_ThirdPersonExampleMap.ThirdPersonExampleMap:PersistentLevel.CubeMesh_5 : StaticMeshComponent0 has to be 'Movable' if you'd like to move. 
[2020.04.25-21.02.02:899][741]PIE: Warning: Mobility of /Game/ThirdPersonBP/Maps/UEDPIE_0_ThirdPersonExampleMap.ThirdPersonExampleMap:PersistentLevel.CubeMesh_5 : StaticMeshComponent0 has to be 'Movable' if you'd like to move. 
[2020.04.25-21.02.02:899][741]PIE: Warning: Mobility of /Game/ThirdPersonBP/Maps/UEDPIE_0_ThirdPersonExampleMap.ThirdPersonExampleMap:PersistentLevel.CubeMesh_5 : StaticMeshComponent0 has to be 'Movable' if you'd like to move. 
[2020.04.25-21.02.03:133][769]PIE: Warning: Mobility of /Game/ThirdPersonBP/Maps/UEDPIE_0_ThirdPersonExampleMap.ThirdPersonExampleMap:PersistentLevel.CubeMesh_5 : StaticMeshComponent0 has to be 'Movable' if you'd like to move. 
[2020.04.25-21.02.03:133][769]PIE: Warning: Mobility of /Game/ThirdPersonBP/Maps/UEDPIE_0_ThirdPersonExampleMap.ThirdPersonExampleMap:PersistentLevel.CubeMesh_5 : StaticMeshComponent0 has to be 'Movable' if you'd like to move. 
[2020.04.25-21.02.03:166][773]PIE: Warning: Mobility of /Game/ThirdPersonBP/Maps/UEDPIE_0_ThirdPersonExampleMap.ThirdPersonExampleMap:PersistentLevel.CubeMesh_5 : StaticMeshComponent0 has to be 'Movable' if you'd like to move. 
[2020.04.25-21.02.03:166][773]PIE: Warning: Mobility of /Game/ThirdPersonBP/Maps/UEDPIE_0_ThirdPersonExampleMap.ThirdPersonExampleMap:PersistentLevel.CubeMesh_5 : StaticMeshComponent0 has to be 'Movable' if you'd like to move. 
[2020.04.25-21.02.04:504][881]LogAudioMixer: Display: No commands were queued while flushing the source manager.
[2020.04.25-21.02.04:504][881]LogAudioMixer: Display: No commands were queued while flushing the source manager.
[2020.04.25-21.02.04:505][881]LogBlueprintUserMessages: Early EndPlayMap Detection: Level '/Game/ThirdPersonBP/Maps/ThirdPersonExampleMap.ThirdPersonExampleMap:PersistentLevel' has LevelScriptBlueprint '/Game/ThirdPersonBP/Maps/ThirdPersonExampleMap.ThirdPersonExampleMap:PersistentLevel.ThirdPersonExampleMap' with GeneratedClass '/Game/ThirdPersonBP/Maps/ThirdPersonExampleMap.ThirdPersonExampleMap_C' with ClassGeneratedBy '/Game/ThirdPersonBP/Maps/ThirdPersonExampleMap.ThirdPersonExampleMap:PersistentLevel.ThirdPersonExampleMap'
[2020.04.25-21.02.04:507][881]LogSlate: Updating window title bar state: overlay mode, drag disabled, window buttons hidden, title bar hidden
[2020.04.25-21.02.04:508][881]LogWorld: BeginTearingDown for /Game/ThirdPersonBP/Maps/UEDPIE_0_ThirdPersonExampleMap
[2020.04.25-21.02.04:508][881]LogAudioMixer: Display: No commands were queued while flushing the source manager.
[2020.04.25-21.02.04:509][881]LogWorld: UWorld::CleanupWorld for ThirdPersonExampleMap, bSessionEnded=true, bCleanupResources=true
[2020.04.25-21.02.04:510][881]LogSlate: InvalidateAllWidgets triggered.  All widgets were invalidated
[2020.04.25-21.02.04:517][881]LogPlayLevel: Display: Shutting down PIE online subsystems
[2020.04.25-21.02.04:517][881]LogBlueprintUserMessages: Late EndPlayMap Detection: Level '/Game/ThirdPersonBP/Maps/ThirdPersonExampleMap.ThirdPersonExampleMap:PersistentLevel' has LevelScriptBlueprint '/Game/ThirdPersonBP/Maps/ThirdPersonExampleMap.ThirdPersonExampleMap:PersistentLevel.ThirdPersonExampleMap' with GeneratedClass '/Game/ThirdPersonBP/Maps/ThirdPersonExampleMap.ThirdPersonExampleMap_C' with ClassGeneratedBy '/Game/ThirdPersonBP/Maps/ThirdPersonExampleMap.ThirdPersonExampleMap:PersistentLevel.ThirdPersonExampleMap'
[2020.04.25-21.02.04:523][881]LogSlate: InvalidateAllWidgets triggered.  All widgets were invalidated
[2020.04.25-21.02.04:547][881]LogAudioMixer: Display: No commands were queued while flushing the source manager.
[2020.04.25-21.02.04:551][881]LogSlate: Updating window title bar state: overlay mode, drag disabled, window buttons hidden, title bar hidden
[2020.04.25-21.02.04:554][881]LogUObjectHash: Compacting FUObjectHashTables data took   1.94ms
[2020.04.25-21.02.04:685][882]LogPlayLevel: Display: Destroying online subsystem :Context_4
[2020.04.25-21.02.07:765][205]LogSlate: Window 'Message Log' being destroyed
[2020.04.25-21.02.07:769][205]LogSlate: Window 'Message Log' being destroyed
[2020.04.25-21.02.08:644][309]LogEditorViewport: Clicking on Actor (LMB): StaticMeshActor (CubeMesh)
[2020.04.25-21.02.09:023][349]Cmd: TRANSACTION UNDO
[2020.04.25-21.02.09:023][349]LogEditorTransaction: Undo Clicking on Actors
[2020.04.25-21.02.09:037][349]LogSlate: Took 0.007946 seconds to synchronously load lazily loaded font '../../../Engine/Content/Slate/Fonts/Roboto-Light.ttf' (167K)
[2020.04.25-21.02.10:271][451]Cmd: TRANSACTION UNDO
[2020.04.25-21.02.10:271][451]LogEditorTransaction: Undo Select All
[2020.04.25-21.02.11:233][549]Cmd: TRANSACTION UNDO
[2020.04.25-21.02.11:233][549]LogEditorTransaction: Undo Move Actors
[2020.04.25-21.02.11:763][606]Cmd: TRANSACTION UNDO
[2020.04.25-21.02.11:764][606]LogEditorTransaction: Undo Clicking on Actors
[2020.04.25-21.02.12:953][740]Cmd: ACTOR SELECT ALL
[2020.04.25-21.02.17:046][218]Cmd: ACTOR SELECT ALL
[2020.04.25-21.02.18:277][365]Cmd: SELECT NONE
[2020.04.25-21.02.19:096][463]Cmd: ACTOR SELECT ALL
[2020.04.25-21.02.19:532][512]Cmd: ACTOR SELECT OFCLASS CLASS=Brush
[2020.04.25-21.02.19:539][512]Cmd: ACTOR SELECT OFCLASS CLASS=LightmassImportanceVolume
[2020.04.25-21.02.19:545][512]Cmd: ACTOR SELECT OFCLASS CLASS=AtmosphericFog
[2020.04.25-21.02.19:552][512]Cmd: ACTOR SELECT OFCLASS CLASS=BP_Sky_Sphere_C
[2020.04.25-21.02.19:558][512]Cmd: ACTOR SELECT OFCLASS CLASS=SphereReflectionCapture
[2020.04.25-21.02.19:565][512]Cmd: ACTOR SELECT OFCLASS CLASS=PlayerStart
[2020.04.25-21.02.19:571][512]Cmd: ACTOR SELECT OFCLASS CLASS=DocumentationActor
[2020.04.25-21.02.19:577][512]Cmd: ACTOR SELECT OFCLASS CLASS=StaticMeshActor
[2020.04.25-21.02.19:584][512]Cmd: ACTOR SELECT OFCLASS CLASS=DirectionalLight
[2020.04.25-21.02.19:590][512]Cmd: ACTOR SELECT OFCLASS CLASS=PostProcessVolume
[2020.04.25-21.02.19:596][512]Cmd: ACTOR SELECT OFCLASS CLASS=SkyLight
[2020.04.25-21.02.19:602][512]Cmd: ACTOR SELECT OFCLASS CLASS=TextRenderActor
[2020.04.25-21.02.19:609][512]Cmd: ACTOR SELECT OFCLASS CLASS=ThirdPersonCharacter_C
[2020.04.25-21.02.20:725][643]LogEditorViewport: Clicking on Actor (LMB): StaticMeshActor (Floor)
[2020.04.25-21.02.20:752][643]LogEditorViewport: Clicking on Component (LMB): StaticMeshComponent (StaticMeshComponent0)
[2020.04.25-21.02.21:779][760]LogEditorViewport: Clicking on Actor (LMB): StaticMeshActor (LeftArm_StaticMesh)
[2020.04.25-21.02.22:954][896]Cmd: ACTOR SELECT ALL
[2020.04.25-21.02.23:749][985]Cmd: ACTOR SELECT OFCLASS CLASS=StaticMeshActor
[2020.04.25-21.02.23:756][985]Cmd: ACTOR SELECT OFCLASS CLASS=Brush
[2020.04.25-21.02.23:763][985]Cmd: ACTOR SELECT OFCLASS CLASS=LightmassImportanceVolume
[2020.04.25-21.02.23:769][985]Cmd: ACTOR SELECT OFCLASS CLASS=AtmosphericFog
[2020.04.25-21.02.23:776][985]Cmd: ACTOR SELECT OFCLASS CLASS=BP_Sky_Sphere_C
[2020.04.25-21.02.23:782][985]Cmd: ACTOR SELECT OFCLASS CLASS=SphereReflectionCapture
[2020.04.25-21.02.23:788][985]Cmd: ACTOR SELECT OFCLASS CLASS=PlayerStart
[2020.04.25-21.02.23:795][985]Cmd: ACTOR SELECT OFCLASS CLASS=DocumentationActor
[2020.04.25-21.02.23:801][985]Cmd: ACTOR SELECT OFCLASS CLASS=DirectionalLight
[2020.04.25-21.02.23:807][985]Cmd: ACTOR SELECT OFCLASS CLASS=PostProcessVolume
[2020.04.25-21.02.23:814][985]Cmd: ACTOR SELECT OFCLASS CLASS=SkyLight
[2020.04.25-21.02.23:820][985]Cmd: ACTOR SELECT OFCLASS CLASS=TextRenderActor
[2020.04.25-21.02.23:827][985]Cmd: ACTOR SELECT OFCLASS CLASS=ThirdPersonCharacter_C
[2020.04.25-21.02.24:406][ 53]Cmd: ACTOR SELECT ALL DESCENDANTS
[2020.04.25-21.02.25:684][204]Cmd: SELECT NONE
[2020.04.25-21.02.37:061][465]LogSlate: Window 'Tutorials' being destroyed
[2020.04.25-21.04.02:717][144]LogSlate: Window 'Source Control Login' being destroyed
[2020.04.25-21.07.20:980][709]LogUObjectHash: Compacting FUObjectHashTables data took   2.33ms
[2020.04.25-21.07.21:184][709]LogSavePackage: Moving '../../../../../../Users/Gabe/Documents/GitHub/Unreal-Fast-Track-2020/Week 1/FirstHourProject/Saved/ThirdPersonExampleMap_Auto104ADEB064F83AF3D5893EDB832DB6934.tmp' to '../../../../../../Users/Gabe/Documents/GitHub/Unreal-Fast-Track-2020/Week 1/FirstHourProject/Saved/Autosaves/Game/ThirdPersonBP/Maps/ThirdPersonExampleMap_Auto1.umap'
[2020.04.25-21.07.21:199][709]LogFileHelpers: Editor autosave (incl. sublevels) for '/Game/ThirdPersonBP/Maps/ThirdPersonExampleMap' took 0.247
[2020.04.25-21.07.21:199][709]LogFileHelpers: Editor autosave (incl. sublevels) for all levels took 0.247
